{"/Users/federicoghedina/htdocs/hokuto/dist/index.js": {"path":"/Users/federicoghedina/htdocs/hokuto/dist/index.js","statementMap":{"0":{"start":{"line":11,"column":11},"end":{"line":11,"column":34777}},"1":{"start":{"line":11,"column":54},"end":{"line":11,"column":21298}},"2":{"start":{"line":11,"column":72},"end":{"line":11,"column":1649}},"3":{"start":{"line":11,"column":111},"end":{"line":11,"column":128}},"4":{"start":{"line":11,"column":151},"end":{"line":11,"column":168}},"5":{"start":{"line":11,"column":198},"end":{"line":11,"column":199}},"6":{"start":{"line":11,"column":202},"end":{"line":11,"column":204}},"7":{"start":{"line":11,"column":205},"end":{"line":11,"column":370}},"8":{"start":{"line":11,"column":273},"end":{"line":11,"column":370}},"9":{"start":{"line":11,"column":370},"end":{"line":11,"column":485}},"10":{"start":{"line":11,"column":394},"end":{"line":11,"column":485}},"11":{"start":{"line":11,"column":440},"end":{"line":11,"column":485}},"12":{"start":{"line":11,"column":485},"end":{"line":11,"column":572}},"13":{"start":{"line":11,"column":529},"end":{"line":11,"column":572}},"14":{"start":{"line":11,"column":572},"end":{"line":11,"column":580}},"15":{"start":{"line":11,"column":612},"end":{"line":11,"column":613}},"16":{"start":{"line":11,"column":616},"end":{"line":11,"column":618}},"17":{"start":{"line":11,"column":619},"end":{"line":11,"column":833}},"18":{"start":{"line":11,"column":731},"end":{"line":11,"column":824}},"19":{"start":{"line":11,"column":775},"end":{"line":11,"column":824}},"20":{"start":{"line":11,"column":824},"end":{"line":11,"column":832}},"21":{"start":{"line":11,"column":863},"end":{"line":11,"column":864}},"22":{"start":{"line":11,"column":865},"end":{"line":11,"column":1068}},"23":{"start":{"line":11,"column":1099},"end":{"line":11,"column":1103}},"24":{"start":{"line":11,"column":1104},"end":{"line":11,"column":1212}},"25":{"start":{"line":11,"column":1135},"end":{"line":11,"column":1208}},"26":{"start":{"line":11,"column":1239},"end":{"line":11,"column":1278}},"27":{"start":{"line":11,"column":1281},"end":{"line":11,"column":1289}},"28":{"start":{"line":11,"column":1292},"end":{"line":11,"column":1293}},"29":{"start":{"line":11,"column":1294},"end":{"line":11,"column":1349}},"30":{"start":{"line":11,"column":1300},"end":{"line":11,"column":1349}},"31":{"start":{"line":11,"column":1349},"end":{"line":11,"column":1467}},"32":{"start":{"line":11,"column":1363},"end":{"line":11,"column":1467}},"33":{"start":{"line":11,"column":1467},"end":{"line":11,"column":1478}},"34":{"start":{"line":11,"column":1513},"end":{"line":11,"column":1515}},"35":{"start":{"line":11,"column":1516},"end":{"line":11,"column":1589}},"36":{"start":{"line":11,"column":1539},"end":{"line":11,"column":1580}},"37":{"start":{"line":11,"column":1550},"end":{"line":11,"column":1580}},"38":{"start":{"line":11,"column":1585},"end":{"line":11,"column":1589}},"39":{"start":{"line":11,"column":1589},"end":{"line":11,"column":1597}},"40":{"start":{"line":11,"column":1615},"end":{"line":11,"column":1647}},"41":{"start":{"line":11,"column":1664},"end":{"line":11,"column":1716}},"42":{"start":{"line":11,"column":1739},"end":{"line":11,"column":1748}},"43":{"start":{"line":11,"column":1749},"end":{"line":11,"column":1781}},"44":{"start":{"line":11,"column":1782},"end":{"line":11,"column":1793}},"45":{"start":{"line":11,"column":1867},"end":{"line":11,"column":1928}},"46":{"start":{"line":11,"column":1916},"end":{"line":11,"column":1925}},"47":{"start":{"line":11,"column":1991},"end":{"line":11,"column":2013}},"48":{"start":{"line":11,"column":2081},"end":{"line":11,"column":2105}},"49":{"start":{"line":11,"column":2170},"end":{"line":11,"column":2194}},"50":{"start":{"line":11,"column":2230},"end":{"line":11,"column":2254}},"51":{"start":{"line":11,"column":2298},"end":{"line":11,"column":2355}},"52":{"start":{"line":11,"column":2396},"end":{"line":11,"column":2420}},"53":{"start":{"line":11,"column":2469},"end":{"line":11,"column":2531}},"54":{"start":{"line":11,"column":2572},"end":{"line":11,"column":2595}},"55":{"start":{"line":11,"column":2629},"end":{"line":11,"column":2653}},"56":{"start":{"line":11,"column":2689},"end":{"line":11,"column":2713}},"57":{"start":{"line":11,"column":2749},"end":{"line":11,"column":2773}},"58":{"start":{"line":11,"column":2811},"end":{"line":11,"column":2835}},"59":{"start":{"line":11,"column":2847},"end":{"line":11,"column":2849}},"60":{"start":{"line":11,"column":2870},"end":{"line":11,"column":2872}},"61":{"start":{"line":11,"column":2887},"end":{"line":11,"column":2910}},"62":{"start":{"line":11,"column":2918},"end":{"line":11,"column":3006}},"63":{"start":{"line":11,"column":2930},"end":{"line":11,"column":3005}},"64":{"start":{"line":11,"column":3017},"end":{"line":11,"column":6550}},"65":{"start":{"line":11,"column":3050},"end":{"line":11,"column":3698}},"66":{"start":{"line":11,"column":3699},"end":{"line":11,"column":6547}},"67":{"start":{"line":11,"column":3829},"end":{"line":11,"column":3845}},"68":{"start":{"line":11,"column":3848},"end":{"line":11,"column":3849}},"69":{"start":{"line":11,"column":3852},"end":{"line":11,"column":3865}},"70":{"start":{"line":11,"column":3868},"end":{"line":11,"column":3878}},"71":{"start":{"line":11,"column":3879},"end":{"line":11,"column":4014}},"72":{"start":{"line":11,"column":4058},"end":{"line":11,"column":4062}},"73":{"start":{"line":11,"column":4072},"end":{"line":11,"column":4114}},"74":{"start":{"line":11,"column":4125},"end":{"line":11,"column":4126}},"75":{"start":{"line":11,"column":4133},"end":{"line":11,"column":4142}},"76":{"start":{"line":11,"column":4154},"end":{"line":11,"column":4155}},"77":{"start":{"line":11,"column":4166},"end":{"line":11,"column":4168}},"78":{"start":{"line":11,"column":4188},"end":{"line":11,"column":4237}},"79":{"start":{"line":11,"column":4238},"end":{"line":11,"column":6533}},"80":{"start":{"line":11,"column":4276},"end":{"line":11,"column":4367}},"81":{"start":{"line":11,"column":4408},"end":{"line":11,"column":4409}},"82":{"start":{"line":11,"column":4417},"end":{"line":11,"column":4418}},"83":{"start":{"line":11,"column":4419},"end":{"line":11,"column":6482}},"84":{"start":{"line":11,"column":4722},"end":{"line":11,"column":4763}},"85":{"start":{"line":11,"column":4774},"end":{"line":11,"column":4858}},"86":{"start":{"line":11,"column":4933},"end":{"line":11,"column":5186}},"87":{"start":{"line":11,"column":5187},"end":{"line":11,"column":5937}},"88":{"start":{"line":11,"column":5311},"end":{"line":11,"column":5937}},"89":{"start":{"line":11,"column":5327},"end":{"line":11,"column":5937}},"90":{"start":{"line":11,"column":5937},"end":{"line":11,"column":6064}},"91":{"start":{"line":11,"column":6259},"end":{"line":11,"column":6287}},"92":{"start":{"line":11,"column":6565},"end":{"line":11,"column":6601}},"93":{"start":{"line":11,"column":6579},"end":{"line":11,"column":6580}},"94":{"start":{"line":11,"column":6588},"end":{"line":11,"column":6589}},"95":{"start":{"line":11,"column":6597},"end":{"line":11,"column":6598}},"96":{"start":{"line":11,"column":6607},"end":{"line":11,"column":6611}},"97":{"start":{"line":11,"column":6614},"end":{"line":11,"column":6620}},"98":{"start":{"line":11,"column":6645},"end":{"line":11,"column":6659}},"99":{"start":{"line":11,"column":6660},"end":{"line":11,"column":6837}},"100":{"start":{"line":11,"column":6759},"end":{"line":11,"column":6813}},"101":{"start":{"line":11,"column":6852},"end":{"line":11,"column":7280}},"102":{"start":{"line":11,"column":6862},"end":{"line":11,"column":6863}},"103":{"start":{"line":11,"column":6894},"end":{"line":11,"column":6928}},"104":{"start":{"line":11,"column":6929},"end":{"line":11,"column":7279}},"105":{"start":{"line":11,"column":6977},"end":{"line":11,"column":7082}},"106":{"start":{"line":11,"column":7214},"end":{"line":11,"column":7277}},"107":{"start":{"line":11,"column":7280},"end":{"line":11,"column":7288}},"108":{"start":{"line":11,"column":7295},"end":{"line":11,"column":7432}},"109":{"start":{"line":11,"column":7309},"end":{"line":11,"column":7352}},"110":{"start":{"line":11,"column":7343},"end":{"line":11,"column":7352}},"111":{"start":{"line":11,"column":7360},"end":{"line":11,"column":7375}},"112":{"start":{"line":11,"column":7376},"end":{"line":11,"column":7423}},"113":{"start":{"line":11,"column":7387},"end":{"line":11,"column":7423}},"114":{"start":{"line":11,"column":7423},"end":{"line":11,"column":7431}},"115":{"start":{"line":11,"column":7435},"end":{"line":11,"column":7524}},"116":{"start":{"line":11,"column":7451},"end":{"line":11,"column":7512}},"117":{"start":{"line":11,"column":7461},"end":{"line":11,"column":7477}},"118":{"start":{"line":11,"column":7480},"end":{"line":11,"column":7488}},"119":{"start":{"line":11,"column":7491},"end":{"line":11,"column":7492}},"120":{"start":{"line":11,"column":7500},"end":{"line":11,"column":7512}},"121":{"start":{"line":11,"column":7512},"end":{"line":11,"column":7523}},"122":{"start":{"line":11,"column":7527},"end":{"line":11,"column":7636}},"123":{"start":{"line":11,"column":7551},"end":{"line":11,"column":7564}},"124":{"start":{"line":11,"column":7567},"end":{"line":11,"column":7574}},"125":{"start":{"line":11,"column":7575},"end":{"line":11,"column":7627}},"126":{"start":{"line":11,"column":7586},"end":{"line":11,"column":7627}},"127":{"start":{"line":11,"column":7627},"end":{"line":11,"column":7635}},"128":{"start":{"line":11,"column":7652},"end":{"line":11,"column":7669}},"129":{"start":{"line":11,"column":7665},"end":{"line":11,"column":7666}},"130":{"start":{"line":11,"column":7677},"end":{"line":11,"column":7905}},"131":{"start":{"line":11,"column":7921},"end":{"line":11,"column":7938}},"132":{"start":{"line":11,"column":7934},"end":{"line":11,"column":7935}},"133":{"start":{"line":11,"column":7944},"end":{"line":11,"column":7950}},"134":{"start":{"line":11,"column":7957},"end":{"line":11,"column":9117}},"135":{"start":{"line":11,"column":8016},"end":{"line":11,"column":8050}},"136":{"start":{"line":11,"column":8078},"end":{"line":11,"column":8101}},"137":{"start":{"line":11,"column":8092},"end":{"line":11,"column":8101}},"138":{"start":{"line":11,"column":8101},"end":{"line":11,"column":8132}},"139":{"start":{"line":11,"column":8138},"end":{"line":11,"column":8146}},"140":{"start":{"line":11,"column":8149},"end":{"line":11,"column":8172}},"141":{"start":{"line":11,"column":8173},"end":{"line":11,"column":8305}},"142":{"start":{"line":11,"column":8329},"end":{"line":11,"column":8351}},"143":{"start":{"line":11,"column":8354},"end":{"line":11,"column":8362}},"144":{"start":{"line":11,"column":8365},"end":{"line":11,"column":8367}},"145":{"start":{"line":11,"column":8370},"end":{"line":11,"column":8372}},"146":{"start":{"line":11,"column":8375},"end":{"line":11,"column":8377}},"147":{"start":{"line":11,"column":8380},"end":{"line":11,"column":8381}},"148":{"start":{"line":11,"column":8382},"end":{"line":11,"column":8417}},"149":{"start":{"line":11,"column":8408},"end":{"line":11,"column":8417}},"150":{"start":{"line":11,"column":8417},"end":{"line":11,"column":8565}},"151":{"start":{"line":11,"column":8432},"end":{"line":11,"column":8558}},"152":{"start":{"line":11,"column":8487},"end":{"line":11,"column":8558}},"153":{"start":{"line":11,"column":8558},"end":{"line":11,"column":8564}},"154":{"start":{"line":11,"column":8565},"end":{"line":11,"column":8573}},"155":{"start":{"line":11,"column":8595},"end":{"line":11,"column":8618}},"156":{"start":{"line":11,"column":8609},"end":{"line":11,"column":8618}},"157":{"start":{"line":11,"column":8624},"end":{"line":11,"column":8626}},"158":{"start":{"line":11,"column":8627},"end":{"line":11,"column":8759}},"159":{"start":{"line":11,"column":8779},"end":{"line":11,"column":8802}},"160":{"start":{"line":11,"column":8793},"end":{"line":11,"column":8802}},"161":{"start":{"line":11,"column":8802},"end":{"line":11,"column":8900}},"162":{"start":{"line":11,"column":8814},"end":{"line":11,"column":8836}},"163":{"start":{"line":11,"column":8839},"end":{"line":11,"column":8847}},"164":{"start":{"line":11,"column":8850},"end":{"line":11,"column":8851}},"165":{"start":{"line":11,"column":8861},"end":{"line":11,"column":8900}},"166":{"start":{"line":11,"column":8900},"end":{"line":11,"column":8937}},"167":{"start":{"line":11,"column":8957},"end":{"line":11,"column":9115}},"168":{"start":{"line":11,"column":9069},"end":{"line":11,"column":9084}},"169":{"start":{"line":11,"column":9084},"end":{"line":11,"column":9112}},"170":{"start":{"line":11,"column":9126},"end":{"line":11,"column":9127}},"171":{"start":{"line":11,"column":9143},"end":{"line":11,"column":9213}},"172":{"start":{"line":11,"column":9156},"end":{"line":11,"column":9157}},"173":{"start":{"line":11,"column":9165},"end":{"line":11,"column":9166}},"174":{"start":{"line":11,"column":9174},"end":{"line":11,"column":9175}},"175":{"start":{"line":11,"column":9182},"end":{"line":11,"column":9183}},"176":{"start":{"line":11,"column":9191},"end":{"line":11,"column":9192}},"177":{"start":{"line":11,"column":9200},"end":{"line":11,"column":9201}},"178":{"start":{"line":11,"column":9209},"end":{"line":11,"column":9210}},"179":{"start":{"line":11,"column":9219},"end":{"line":11,"column":9223}},"180":{"start":{"line":11,"column":9226},"end":{"line":11,"column":9232}},"181":{"start":{"line":11,"column":9235},"end":{"line":11,"column":9246}},"182":{"start":{"line":11,"column":9249},"end":{"line":11,"column":9259}},"183":{"start":{"line":11,"column":9262},"end":{"line":11,"column":9271}},"184":{"start":{"line":11,"column":9274},"end":{"line":11,"column":9292}},"185":{"start":{"line":11,"column":9295},"end":{"line":11,"column":9470}},"186":{"start":{"line":11,"column":9315},"end":{"line":11,"column":9353}},"187":{"start":{"line":11,"column":9356},"end":{"line":11,"column":9364}},"188":{"start":{"line":11,"column":9367},"end":{"line":11,"column":9368}},"189":{"start":{"line":11,"column":9369},"end":{"line":11,"column":9405}},"190":{"start":{"line":11,"column":9396},"end":{"line":11,"column":9405}},"191":{"start":{"line":11,"column":9405},"end":{"line":11,"column":9461}},"192":{"start":{"line":11,"column":9420},"end":{"line":11,"column":9451}},"193":{"start":{"line":11,"column":9444},"end":{"line":11,"column":9451}},"194":{"start":{"line":11,"column":9451},"end":{"line":11,"column":9460}},"195":{"start":{"line":11,"column":9461},"end":{"line":11,"column":9469}},"196":{"start":{"line":11,"column":9473},"end":{"line":11,"column":9485}},"197":{"start":{"line":11,"column":9501},"end":{"line":11,"column":9518}},"198":{"start":{"line":11,"column":9514},"end":{"line":11,"column":9515}},"199":{"start":{"line":11,"column":9524},"end":{"line":11,"column":9528}},"200":{"start":{"line":11,"column":9531},"end":{"line":11,"column":9537}},"201":{"start":{"line":11,"column":9540},"end":{"line":11,"column":9546}},"202":{"start":{"line":11,"column":9549},"end":{"line":11,"column":9555}},"203":{"start":{"line":11,"column":9558},"end":{"line":11,"column":9564}},"204":{"start":{"line":11,"column":9567},"end":{"line":11,"column":9569}},"205":{"start":{"line":11,"column":9572},"end":{"line":11,"column":9601}},"206":{"start":{"line":11,"column":9604},"end":{"line":11,"column":10022}},"207":{"start":{"line":11,"column":9637},"end":{"line":11,"column":9654}},"208":{"start":{"line":11,"column":9682},"end":{"line":11,"column":9728}},"209":{"start":{"line":11,"column":9693},"end":{"line":11,"column":9728}},"210":{"start":{"line":11,"column":9748},"end":{"line":11,"column":9782}},"211":{"start":{"line":11,"column":9801},"end":{"line":11,"column":9804}},"212":{"start":{"line":11,"column":9824},"end":{"line":11,"column":10020}},"213":{"start":{"line":11,"column":9838},"end":{"line":11,"column":9855}},"214":{"start":{"line":11,"column":9858},"end":{"line":11,"column":9866}},"215":{"start":{"line":11,"column":9869},"end":{"line":11,"column":9870}},"216":{"start":{"line":11,"column":9879},"end":{"line":11,"column":10020}},"217":{"start":{"line":11,"column":10031},"end":{"line":11,"column":10032}},"218":{"start":{"line":11,"column":10106},"end":{"line":11,"column":10184}},"219":{"start":{"line":11,"column":10155},"end":{"line":11,"column":10181}},"220":{"start":{"line":11,"column":10247},"end":{"line":11,"column":10269}},"221":{"start":{"line":11,"column":10305},"end":{"line":11,"column":10329}},"222":{"start":{"line":11,"column":10367},"end":{"line":11,"column":10391}},"223":{"start":{"line":11,"column":10429},"end":{"line":11,"column":10453}},"224":{"start":{"line":11,"column":10458},"end":{"line":11,"column":10669}},"225":{"start":{"line":11,"column":10672},"end":{"line":11,"column":13591}},"226":{"start":{"line":11,"column":10700},"end":{"line":11,"column":10701}},"227":{"start":{"line":11,"column":10704},"end":{"line":11,"column":10759}},"228":{"start":{"line":11,"column":10762},"end":{"line":11,"column":10770}},"229":{"start":{"line":11,"column":10771},"end":{"line":11,"column":11093}},"230":{"start":{"line":11,"column":10786},"end":{"line":11,"column":10844}},"231":{"start":{"line":11,"column":10849},"end":{"line":11,"column":11093}},"232":{"start":{"line":11,"column":10853},"end":{"line":11,"column":10910}},"233":{"start":{"line":11,"column":10920},"end":{"line":11,"column":11019}},"234":{"start":{"line":11,"column":10934},"end":{"line":11,"column":11019}},"235":{"start":{"line":11,"column":10938},"end":{"line":11,"column":11000}},"236":{"start":{"line":11,"column":11010},"end":{"line":11,"column":11018}},"237":{"start":{"line":11,"column":11019},"end":{"line":11,"column":11092}},"238":{"start":{"line":11,"column":11093},"end":{"line":11,"column":11101}},"239":{"start":{"line":11,"column":11128},"end":{"line":11,"column":11248}},"240":{"start":{"line":11,"column":11281},"end":{"line":11,"column":11344}},"241":{"start":{"line":11,"column":11376},"end":{"line":11,"column":11511}},"242":{"start":{"line":11,"column":11386},"end":{"line":11,"column":11433}},"243":{"start":{"line":11,"column":11436},"end":{"line":11,"column":11444}},"244":{"start":{"line":11,"column":11447},"end":{"line":11,"column":11448}},"245":{"start":{"line":11,"column":11454},"end":{"line":11,"column":11511}},"246":{"start":{"line":11,"column":11548},"end":{"line":11,"column":11567}},"247":{"start":{"line":11,"column":11570},"end":{"line":11,"column":11580}},"248":{"start":{"line":11,"column":11583},"end":{"line":11,"column":11633}},"249":{"start":{"line":11,"column":11636},"end":{"line":11,"column":11687}},"250":{"start":{"line":11,"column":11690},"end":{"line":11,"column":11739}},"251":{"start":{"line":11,"column":11742},"end":{"line":11,"column":11791}},"252":{"start":{"line":11,"column":11794},"end":{"line":11,"column":11803}},"253":{"start":{"line":11,"column":11806},"end":{"line":11,"column":11828}},"254":{"start":{"line":11,"column":11831},"end":{"line":11,"column":11860}},"255":{"start":{"line":11,"column":11863},"end":{"line":11,"column":11901}},"256":{"start":{"line":11,"column":11904},"end":{"line":11,"column":11921}},"257":{"start":{"line":11,"column":11924},"end":{"line":11,"column":11937}},"258":{"start":{"line":11,"column":11940},"end":{"line":11,"column":11951}},"259":{"start":{"line":11,"column":11954},"end":{"line":11,"column":11967}},"260":{"start":{"line":11,"column":11970},"end":{"line":11,"column":11972}},"261":{"start":{"line":11,"column":11975},"end":{"line":11,"column":11977}},"262":{"start":{"line":11,"column":11978},"end":{"line":11,"column":12179}},"263":{"start":{"line":11,"column":12010},"end":{"line":11,"column":12069}},"264":{"start":{"line":11,"column":12074},"end":{"line":11,"column":12175}},"265":{"start":{"line":11,"column":12137},"end":{"line":11,"column":12175}},"266":{"start":{"line":11,"column":12175},"end":{"line":11,"column":12178}},"267":{"start":{"line":11,"column":12179},"end":{"line":11,"column":13581}},"268":{"start":{"line":11,"column":12194},"end":{"line":11,"column":12571}},"269":{"start":{"line":11,"column":12293},"end":{"line":11,"column":12365}},"270":{"start":{"line":11,"column":12387},"end":{"line":11,"column":12404}},"271":{"start":{"line":11,"column":12557},"end":{"line":11,"column":12565}},"272":{"start":{"line":11,"column":12576},"end":{"line":11,"column":13519}},"273":{"start":{"line":11,"column":12608},"end":{"line":11,"column":12637}},"274":{"start":{"line":11,"column":12628},"end":{"line":11,"column":12637}},"275":{"start":{"line":11,"column":12637},"end":{"line":11,"column":12782}},"276":{"start":{"line":11,"column":12727},"end":{"line":11,"column":12782}},"277":{"start":{"line":11,"column":12782},"end":{"line":11,"column":13011}},"278":{"start":{"line":11,"column":12849},"end":{"line":11,"column":13011}},"279":{"start":{"line":11,"column":12996},"end":{"line":11,"column":13002}},"280":{"start":{"line":11,"column":13011},"end":{"line":11,"column":13289}},"281":{"start":{"line":11,"column":13020},"end":{"line":11,"column":13025}},"282":{"start":{"line":11,"column":13030},"end":{"line":11,"column":13289}},"283":{"start":{"line":11,"column":13039},"end":{"line":11,"column":13044}},"284":{"start":{"line":11,"column":13049},"end":{"line":11,"column":13289}},"285":{"start":{"line":11,"column":13058},"end":{"line":11,"column":13289}},"286":{"start":{"line":11,"column":13132},"end":{"line":11,"column":13160}},"287":{"start":{"line":11,"column":13136},"end":{"line":11,"column":13149}},"288":{"start":{"line":11,"column":13160},"end":{"line":11,"column":13166}},"289":{"start":{"line":11,"column":13189},"end":{"line":11,"column":13216}},"290":{"start":{"line":11,"column":13193},"end":{"line":11,"column":13205}},"291":{"start":{"line":11,"column":13216},"end":{"line":11,"column":13222}},"292":{"start":{"line":11,"column":13230},"end":{"line":11,"column":13288}},"293":{"start":{"line":11,"column":13289},"end":{"line":11,"column":13297}},"294":{"start":{"line":11,"column":13320},"end":{"line":11,"column":13346}},"295":{"start":{"line":11,"column":13369},"end":{"line":11,"column":13395}},"296":{"start":{"line":11,"column":13495},"end":{"line":11,"column":13514}},"297":{"start":{"line":11,"column":13519},"end":{"line":11,"column":13580}},"298":{"start":{"line":11,"column":13523},"end":{"line":11,"column":13569}},"299":{"start":{"line":11,"column":13581},"end":{"line":11,"column":13589}},"300":{"start":{"line":11,"column":13625},"end":{"line":11,"column":14773}},"301":{"start":{"line":11,"column":13701},"end":{"line":11,"column":14050}},"302":{"start":{"line":11,"column":13746},"end":{"line":11,"column":13972}},"303":{"start":{"line":11,"column":14078},"end":{"line":11,"column":14188}},"304":{"start":{"line":11,"column":14216},"end":{"line":11,"column":14287}},"305":{"start":{"line":11,"column":14337},"end":{"line":11,"column":14649}},"306":{"start":{"line":11,"column":14415},"end":{"line":11,"column":14624}},"307":{"start":{"line":11,"column":14672},"end":{"line":11,"column":14771}},"308":{"start":{"line":11,"column":14789},"end":{"line":11,"column":14806}},"309":{"start":{"line":11,"column":14802},"end":{"line":11,"column":14803}},"310":{"start":{"line":11,"column":14812},"end":{"line":11,"column":14816}},"311":{"start":{"line":11,"column":14819},"end":{"line":11,"column":14825}},"312":{"start":{"line":11,"column":14828},"end":{"line":11,"column":16347}},"313":{"start":{"line":11,"column":14859},"end":{"line":11,"column":14921}},"314":{"start":{"line":11,"column":14922},"end":{"line":11,"column":14965}},"315":{"start":{"line":11,"column":14933},"end":{"line":11,"column":14965}},"316":{"start":{"line":11,"column":14985},"end":{"line":11,"column":15134}},"317":{"start":{"line":11,"column":14997},"end":{"line":11,"column":15042}},"318":{"start":{"line":11,"column":15045},"end":{"line":11,"column":15053}},"319":{"start":{"line":11,"column":15056},"end":{"line":11,"column":15057}},"320":{"start":{"line":11,"column":15060},"end":{"line":11,"column":15062}},"321":{"start":{"line":11,"column":15072},"end":{"line":11,"column":15134}},"322":{"start":{"line":11,"column":15134},"end":{"line":11,"column":15142}},"323":{"start":{"line":11,"column":15172},"end":{"line":11,"column":15216}},"324":{"start":{"line":11,"column":15207},"end":{"line":11,"column":15216}},"325":{"start":{"line":11,"column":15216},"end":{"line":11,"column":15279}},"326":{"start":{"line":11,"column":15237},"end":{"line":11,"column":15279}},"327":{"start":{"line":11,"column":15279},"end":{"line":11,"column":15362}},"328":{"start":{"line":11,"column":15302},"end":{"line":11,"column":15353}},"329":{"start":{"line":11,"column":15334},"end":{"line":11,"column":15353}},"330":{"start":{"line":11,"column":15353},"end":{"line":11,"column":15361}},"331":{"start":{"line":11,"column":15362},"end":{"line":11,"column":15453}},"332":{"start":{"line":11,"column":15386},"end":{"line":11,"column":15444}},"333":{"start":{"line":11,"column":15402},"end":{"line":11,"column":15444}},"334":{"start":{"line":11,"column":15444},"end":{"line":11,"column":15452}},"335":{"start":{"line":11,"column":15453},"end":{"line":11,"column":15517}},"336":{"start":{"line":11,"column":15550},"end":{"line":11,"column":15560}},"337":{"start":{"line":11,"column":15561},"end":{"line":11,"column":15618}},"338":{"start":{"line":11,"column":15572},"end":{"line":11,"column":15618}},"339":{"start":{"line":11,"column":15618},"end":{"line":11,"column":15626}},"340":{"start":{"line":11,"column":15649},"end":{"line":11,"column":15730}},"341":{"start":{"line":11,"column":15659},"end":{"line":11,"column":15661}},"342":{"start":{"line":11,"column":15664},"end":{"line":11,"column":15665}},"343":{"start":{"line":11,"column":15668},"end":{"line":11,"column":15676}},"344":{"start":{"line":11,"column":15685},"end":{"line":11,"column":15730}},"345":{"start":{"line":11,"column":15730},"end":{"line":11,"column":15738}},"346":{"start":{"line":11,"column":15761},"end":{"line":11,"column":15806}},"347":{"start":{"line":11,"column":15831},"end":{"line":11,"column":16116}},"348":{"start":{"line":11,"column":16140},"end":{"line":11,"column":16345}},"349":{"start":{"line":11,"column":16169},"end":{"line":11,"column":16171}},"350":{"start":{"line":11,"column":16172},"end":{"line":11,"column":16218}},"351":{"start":{"line":11,"column":16183},"end":{"line":11,"column":16218}},"352":{"start":{"line":11,"column":16218},"end":{"line":11,"column":16226}},"353":{"start":{"line":11,"column":16246},"end":{"line":11,"column":16343}},"354":{"start":{"line":11,"column":16356},"end":{"line":11,"column":16357}},"355":{"start":{"line":11,"column":16387},"end":{"line":11,"column":16391}},"356":{"start":{"line":11,"column":16394},"end":{"line":11,"column":16396}},"357":{"start":{"line":11,"column":16397},"end":{"line":11,"column":16582}},"358":{"start":{"line":11,"column":16582},"end":{"line":11,"column":16934}},"359":{"start":{"line":11,"column":16586},"end":{"line":11,"column":16897}},"360":{"start":{"line":11,"column":16600},"end":{"line":11,"column":16741}},"361":{"start":{"line":11,"column":16755},"end":{"line":11,"column":16895}},"362":{"start":{"line":11,"column":16907},"end":{"line":11,"column":16933}},"363":{"start":{"line":11,"column":16934},"end":{"line":11,"column":16945}},"364":{"start":{"line":11,"column":16946},"end":{"line":11,"column":18853}},"365":{"start":{"line":11,"column":16969},"end":{"line":11,"column":17002}},"366":{"start":{"line":11,"column":16991},"end":{"line":11,"column":16998}},"367":{"start":{"line":11,"column":17036},"end":{"line":11,"column":17082}},"368":{"start":{"line":11,"column":17069},"end":{"line":11,"column":17080}},"369":{"start":{"line":11,"column":17115},"end":{"line":11,"column":17161}},"370":{"start":{"line":11,"column":17148},"end":{"line":11,"column":17159}},"371":{"start":{"line":11,"column":17194},"end":{"line":11,"column":17215}},"372":{"start":{"line":11,"column":17248},"end":{"line":11,"column":17454}},"373":{"start":{"line":11,"column":17293},"end":{"line":11,"column":17329}},"374":{"start":{"line":11,"column":17329},"end":{"line":11,"column":17335}},"375":{"start":{"line":11,"column":17359},"end":{"line":11,"column":17408}},"376":{"start":{"line":11,"column":17408},"end":{"line":11,"column":17414}},"377":{"start":{"line":11,"column":17440},"end":{"line":11,"column":17453}},"378":{"start":{"line":11,"column":17454},"end":{"line":11,"column":17465}},"379":{"start":{"line":11,"column":17497},"end":{"line":11,"column":17626}},"380":{"start":{"line":11,"column":17541},"end":{"line":11,"column":17564}},"381":{"start":{"line":11,"column":17564},"end":{"line":11,"column":17570}},"382":{"start":{"line":11,"column":17595},"end":{"line":11,"column":17625}},"383":{"start":{"line":11,"column":17626},"end":{"line":11,"column":17637}},"384":{"start":{"line":11,"column":17671},"end":{"line":11,"column":17777}},"385":{"start":{"line":11,"column":17874},"end":{"line":11,"column":17900}},"386":{"start":{"line":11,"column":17928},"end":{"line":11,"column":17973}},"387":{"start":{"line":11,"column":17993},"end":{"line":11,"column":18008}},"388":{"start":{"line":11,"column":18028},"end":{"line":11,"column":18110}},"389":{"start":{"line":11,"column":18049},"end":{"line":11,"column":18110}},"390":{"start":{"line":11,"column":18116},"end":{"line":11,"column":18118}},"391":{"start":{"line":11,"column":18121},"end":{"line":11,"column":18129}},"392":{"start":{"line":11,"column":18132},"end":{"line":11,"column":18133}},"393":{"start":{"line":11,"column":18134},"end":{"line":11,"column":18273}},"394":{"start":{"line":11,"column":18161},"end":{"line":11,"column":18271}},"395":{"start":{"line":11,"column":18185},"end":{"line":11,"column":18269}},"396":{"start":{"line":11,"column":18237},"end":{"line":11,"column":18258}},"397":{"start":{"line":11,"column":18294},"end":{"line":11,"column":18437}},"398":{"start":{"line":11,"column":18338},"end":{"line":11,"column":18380}},"399":{"start":{"line":11,"column":18360},"end":{"line":11,"column":18378}},"400":{"start":{"line":11,"column":18459},"end":{"line":11,"column":18543}},"401":{"start":{"line":11,"column":18480},"end":{"line":11,"column":18543}},"402":{"start":{"line":11,"column":18549},"end":{"line":11,"column":18557}},"403":{"start":{"line":11,"column":18558},"end":{"line":11,"column":18686}},"404":{"start":{"line":11,"column":18585},"end":{"line":11,"column":18684}},"405":{"start":{"line":11,"column":18602},"end":{"line":11,"column":18680}},"406":{"start":{"line":11,"column":18645},"end":{"line":11,"column":18653}},"407":{"start":{"line":11,"column":18674},"end":{"line":11,"column":18678}},"408":{"start":{"line":11,"column":18709},"end":{"line":11,"column":18749}},"409":{"start":{"line":11,"column":18736},"end":{"line":11,"column":18747}},"410":{"start":{"line":11,"column":18773},"end":{"line":11,"column":18840}},"411":{"start":{"line":11,"column":18800},"end":{"line":11,"column":18838}},"412":{"start":{"line":11,"column":18877},"end":{"line":11,"column":18903}},"413":{"start":{"line":11,"column":18924},"end":{"line":11,"column":19212}},"414":{"start":{"line":11,"column":19143},"end":{"line":11,"column":19212}},"415":{"start":{"line":11,"column":19228},"end":{"line":11,"column":19347}},"416":{"start":{"line":11,"column":19381},"end":{"line":11,"column":19402}},"417":{"start":{"line":11,"column":19405},"end":{"line":11,"column":19416}},"418":{"start":{"line":11,"column":19419},"end":{"line":11,"column":19437}},"419":{"start":{"line":11,"column":19440},"end":{"line":11,"column":19448}},"420":{"start":{"line":11,"column":19449},"end":{"line":11,"column":19706}},"421":{"start":{"line":11,"column":19544},"end":{"line":11,"column":19589}},"422":{"start":{"line":11,"column":19574},"end":{"line":11,"column":19585}},"423":{"start":{"line":11,"column":19721},"end":{"line":11,"column":19722}},"424":{"start":{"line":11,"column":19725},"end":{"line":11,"column":19988}},"425":{"start":{"line":11,"column":19746},"end":{"line":11,"column":19784}},"426":{"start":{"line":11,"column":19808},"end":{"line":11,"column":19846}},"427":{"start":{"line":11,"column":19873},"end":{"line":11,"column":19983}},"428":{"start":{"line":11,"column":19991},"end":{"line":11,"column":19993}},"429":{"start":{"line":11,"column":19996},"end":{"line":11,"column":20270}},"430":{"start":{"line":11,"column":20024},"end":{"line":11,"column":20269}},"431":{"start":{"line":11,"column":20120},"end":{"line":11,"column":20269}},"432":{"start":{"line":11,"column":20142},"end":{"line":11,"column":20198}},"433":{"start":{"line":11,"column":20203},"end":{"line":11,"column":20269}},"434":{"start":{"line":11,"column":20225},"end":{"line":11,"column":20269}},"435":{"start":{"line":11,"column":20236},"end":{"line":11,"column":20269}},"436":{"start":{"line":11,"column":20264},"end":{"line":11,"column":20269}},"437":{"start":{"line":11,"column":20271},"end":{"line":11,"column":20486}},"438":{"start":{"line":11,"column":20487},"end":{"line":11,"column":20662}},"439":{"start":{"line":11,"column":20521},"end":{"line":11,"column":20546}},"440":{"start":{"line":11,"column":20573},"end":{"line":11,"column":20600}},"441":{"start":{"line":11,"column":20630},"end":{"line":11,"column":20660}},"442":{"start":{"line":11,"column":20678},"end":{"line":11,"column":20785}},"443":{"start":{"line":11,"column":20691},"end":{"line":11,"column":20783}},"444":{"start":{"line":11,"column":20705},"end":{"line":11,"column":20782}},"445":{"start":{"line":11,"column":20726},"end":{"line":11,"column":20782}},"446":{"start":{"line":11,"column":20817},"end":{"line":11,"column":20966}},"447":{"start":{"line":11,"column":20827},"end":{"line":11,"column":20828}},"448":{"start":{"line":11,"column":20851},"end":{"line":11,"column":20855}},"449":{"start":{"line":11,"column":20856},"end":{"line":11,"column":20965}},"450":{"start":{"line":11,"column":20967},"end":{"line":11,"column":21037}},"451":{"start":{"line":11,"column":20980},"end":{"line":11,"column":21035}},"452":{"start":{"line":11,"column":20996},"end":{"line":11,"column":21016}},"453":{"start":{"line":11,"column":21016},"end":{"line":11,"column":21026}},"454":{"start":{"line":11,"column":21026},"end":{"line":11,"column":21034}},"455":{"start":{"line":11,"column":21065},"end":{"line":11,"column":21279}},"456":{"start":{"line":11,"column":21146},"end":{"line":11,"column":21161}},"457":{"start":{"line":11,"column":21175},"end":{"line":11,"column":21274}},"458":{"start":{"line":11,"column":21280},"end":{"line":11,"column":21296}},"459":{"start":{"line":11,"column":21293},"end":{"line":11,"column":21294}},"460":{"start":{"line":11,"column":21324},"end":{"line":11,"column":21326}},"461":{"start":{"line":11,"column":21365},"end":{"line":11,"column":21392}},"462":{"start":{"line":11,"column":21393},"end":{"line":11,"column":21424}},"463":{"start":{"line":11,"column":21407},"end":{"line":11,"column":21424}},"464":{"start":{"line":11,"column":21424},"end":{"line":11,"column":21467}},"465":{"start":{"line":11,"column":21467},"end":{"line":11,"column":21539}},"466":{"start":{"line":11,"column":21540},"end":{"line":11,"column":22243}},"467":{"start":{"line":11,"column":21572},"end":{"line":11,"column":21607}},"468":{"start":{"line":11,"column":21592},"end":{"line":11,"column":21601}},"469":{"start":{"line":11,"column":21606},"end":{"line":11,"column":21607}},"470":{"start":{"line":11,"column":21608},"end":{"line":11,"column":21647}},"471":{"start":{"line":11,"column":21679},"end":{"line":11,"column":21802}},"472":{"start":{"line":11,"column":21694},"end":{"line":11,"column":21802}},"473":{"start":{"line":11,"column":21837},"end":{"line":11,"column":21886}},"474":{"start":{"line":11,"column":21868},"end":{"line":11,"column":21886}},"475":{"start":{"line":11,"column":21886},"end":{"line":11,"column":21983}},"476":{"start":{"line":11,"column":21890},"end":{"line":11,"column":21932}},"477":{"start":{"line":11,"column":21942},"end":{"line":11,"column":21982}},"478":{"start":{"line":11,"column":21969},"end":{"line":11,"column":21982}},"479":{"start":{"line":11,"column":22016},"end":{"line":11,"column":22057}},"480":{"start":{"line":11,"column":22084},"end":{"line":11,"column":22241}},"481":{"start":{"line":11,"column":22267},"end":{"line":11,"column":22269}},"482":{"start":{"line":11,"column":22270},"end":{"line":11,"column":34772}},"483":{"start":{"line":11,"column":22276},"end":{"line":11,"column":22319}},"484":{"start":{"line":11,"column":22325},"end":{"line":11,"column":22347}},"485":{"start":{"line":11,"column":22350},"end":{"line":11,"column":22372}},"486":{"start":{"line":11,"column":22375},"end":{"line":11,"column":22399}},"487":{"start":{"line":11,"column":22402},"end":{"line":11,"column":22426}},"488":{"start":{"line":11,"column":22427},"end":{"line":11,"column":22775}},"489":{"start":{"line":11,"column":22519},"end":{"line":11,"column":22596}},"490":{"start":{"line":11,"column":22530},"end":{"line":11,"column":22596}},"491":{"start":{"line":11,"column":22596},"end":{"line":11,"column":22735}},"492":{"start":{"line":11,"column":22606},"end":{"line":11,"column":22615}},"493":{"start":{"line":11,"column":22618},"end":{"line":11,"column":22619}},"494":{"start":{"line":11,"column":22622},"end":{"line":11,"column":22638}},"495":{"start":{"line":11,"column":22654},"end":{"line":11,"column":22666}},"496":{"start":{"line":11,"column":22667},"end":{"line":11,"column":22734}},"497":{"start":{"line":11,"column":22678},"end":{"line":11,"column":22734}},"498":{"start":{"line":11,"column":22693},"end":{"line":11,"column":22734}},"499":{"start":{"line":11,"column":22735},"end":{"line":11,"column":22743}},"500":{"start":{"line":11,"column":22781},"end":{"line":11,"column":22805}},"501":{"start":{"line":11,"column":22808},"end":{"line":11,"column":22832}},"502":{"start":{"line":11,"column":22835},"end":{"line":11,"column":22878}},"503":{"start":{"line":11,"column":22887},"end":{"line":11,"column":23830}},"504":{"start":{"line":11,"column":22907},"end":{"line":11,"column":22955}},"505":{"start":{"line":11,"column":22980},"end":{"line":11,"column":23033}},"506":{"start":{"line":11,"column":23013},"end":{"line":11,"column":23031}},"507":{"start":{"line":11,"column":23057},"end":{"line":11,"column":23098}},"508":{"start":{"line":11,"column":23122},"end":{"line":11,"column":23138}},"509":{"start":{"line":11,"column":23163},"end":{"line":11,"column":23224}},"510":{"start":{"line":11,"column":23186},"end":{"line":11,"column":23224}},"511":{"start":{"line":11,"column":23224},"end":{"line":11,"column":23313}},"512":{"start":{"line":11,"column":23239},"end":{"line":11,"column":23313}},"513":{"start":{"line":11,"column":23338},"end":{"line":11,"column":23398}},"514":{"start":{"line":11,"column":23361},"end":{"line":11,"column":23398}},"515":{"start":{"line":11,"column":23398},"end":{"line":11,"column":23451}},"516":{"start":{"line":11,"column":23413},"end":{"line":11,"column":23451}},"517":{"start":{"line":11,"column":23478},"end":{"line":11,"column":23538}},"518":{"start":{"line":11,"column":23501},"end":{"line":11,"column":23538}},"519":{"start":{"line":11,"column":23538},"end":{"line":11,"column":23594}},"520":{"start":{"line":11,"column":23553},"end":{"line":11,"column":23594}},"521":{"start":{"line":11,"column":23618},"end":{"line":11,"column":23677}},"522":{"start":{"line":11,"column":23641},"end":{"line":11,"column":23677}},"523":{"start":{"line":11,"column":23677},"end":{"line":11,"column":23709}},"524":{"start":{"line":11,"column":23692},"end":{"line":11,"column":23709}},"525":{"start":{"line":11,"column":23735},"end":{"line":11,"column":23794}},"526":{"start":{"line":11,"column":23758},"end":{"line":11,"column":23794}},"527":{"start":{"line":11,"column":23794},"end":{"line":11,"column":23828}},"528":{"start":{"line":11,"column":23809},"end":{"line":11,"column":23828}},"529":{"start":{"line":11,"column":23837},"end":{"line":11,"column":24136}},"530":{"start":{"line":11,"column":23880},"end":{"line":11,"column":23948}},"531":{"start":{"line":11,"column":23978},"end":{"line":11,"column":24036}},"532":{"start":{"line":11,"column":24073},"end":{"line":11,"column":24134}},"533":{"start":{"line":11,"column":24143},"end":{"line":11,"column":24357}},"534":{"start":{"line":11,"column":24186},"end":{"line":11,"column":24236}},"535":{"start":{"line":11,"column":24274},"end":{"line":11,"column":24316}},"536":{"start":{"line":11,"column":24329},"end":{"line":11,"column":24356}},"537":{"start":{"line":11,"column":24360},"end":{"line":11,"column":24542}},"538":{"start":{"line":11,"column":24404},"end":{"line":11,"column":24430}},"539":{"start":{"line":11,"column":24468},"end":{"line":11,"column":24501}},"540":{"start":{"line":11,"column":24514},"end":{"line":11,"column":24541}},"541":{"start":{"line":11,"column":24545},"end":{"line":11,"column":24772}},"542":{"start":{"line":11,"column":24566},"end":{"line":11,"column":24570}},"543":{"start":{"line":11,"column":24573},"end":{"line":11,"column":24583}},"544":{"start":{"line":11,"column":24586},"end":{"line":11,"column":24700}},"545":{"start":{"line":11,"column":24609},"end":{"line":11,"column":24695}},"546":{"start":{"line":11,"column":24636},"end":{"line":11,"column":24695}},"547":{"start":{"line":11,"column":24680},"end":{"line":11,"column":24695}},"548":{"start":{"line":11,"column":24703},"end":{"line":11,"column":24705}},"549":{"start":{"line":11,"column":24706},"end":{"line":11,"column":24769}},"550":{"start":{"line":11,"column":24725},"end":{"line":11,"column":24768}},"551":{"start":{"line":11,"column":24799},"end":{"line":11,"column":24885}},"552":{"start":{"line":11,"column":24816},"end":{"line":11,"column":24824}},"553":{"start":{"line":11,"column":24894},"end":{"line":11,"column":25412}},"554":{"start":{"line":11,"column":24923},"end":{"line":11,"column":25046}},"555":{"start":{"line":11,"column":25069},"end":{"line":11,"column":25111}},"556":{"start":{"line":11,"column":25089},"end":{"line":11,"column":25109}},"557":{"start":{"line":11,"column":25143},"end":{"line":11,"column":25224}},"558":{"start":{"line":11,"column":25225},"end":{"line":11,"column":25240}},"559":{"start":{"line":11,"column":25231},"end":{"line":11,"column":25240}},"560":{"start":{"line":11,"column":25240},"end":{"line":11,"column":25297}},"561":{"start":{"line":11,"column":25282},"end":{"line":11,"column":25297}},"562":{"start":{"line":11,"column":25297},"end":{"line":11,"column":25305}},"563":{"start":{"line":11,"column":25336},"end":{"line":11,"column":25410}},"564":{"start":{"line":11,"column":25389},"end":{"line":11,"column":25392}},"565":{"start":{"line":11,"column":25429},"end":{"line":11,"column":26277}},"566":{"start":{"line":11,"column":26278},"end":{"line":11,"column":30739}},"567":{"start":{"line":11,"column":26320},"end":{"line":11,"column":26362}},"568":{"start":{"line":11,"column":26363},"end":{"line":11,"column":26408}},"569":{"start":{"line":11,"column":26444},"end":{"line":11,"column":26698}},"570":{"start":{"line":11,"column":26738},"end":{"line":11,"column":26742}},"571":{"start":{"line":11,"column":26743},"end":{"line":11,"column":26790}},"572":{"start":{"line":11,"column":26776},"end":{"line":11,"column":26788}},"573":{"start":{"line":11,"column":26823},"end":{"line":11,"column":26889}},"574":{"start":{"line":11,"column":26932},"end":{"line":11,"column":26936}},"575":{"start":{"line":11,"column":26939},"end":{"line":11,"column":26941}},"576":{"start":{"line":11,"column":26942},"end":{"line":11,"column":27220}},"577":{"start":{"line":11,"column":27081},"end":{"line":11,"column":27179}},"578":{"start":{"line":11,"column":27264},"end":{"line":11,"column":27268}},"579":{"start":{"line":11,"column":27269},"end":{"line":11,"column":27482}},"580":{"start":{"line":11,"column":27314},"end":{"line":11,"column":27480}},"581":{"start":{"line":11,"column":27517},"end":{"line":11,"column":27613}},"582":{"start":{"line":11,"column":27645},"end":{"line":11,"column":27744}},"583":{"start":{"line":11,"column":27782},"end":{"line":11,"column":27848}},"584":{"start":{"line":11,"column":27883},"end":{"line":11,"column":28002}},"585":{"start":{"line":11,"column":28043},"end":{"line":11,"column":28126}},"586":{"start":{"line":11,"column":28127},"end":{"line":11,"column":28198}},"587":{"start":{"line":11,"column":28232},"end":{"line":11,"column":28368}},"588":{"start":{"line":11,"column":28402},"end":{"line":11,"column":28517}},"589":{"start":{"line":11,"column":28551},"end":{"line":11,"column":28666}},"590":{"start":{"line":11,"column":28702},"end":{"line":11,"column":28711}},"591":{"start":{"line":11,"column":28746},"end":{"line":11,"column":28858}},"592":{"start":{"line":11,"column":28893},"end":{"line":11,"column":28984}},"593":{"start":{"line":11,"column":29025},"end":{"line":11,"column":29029}},"594":{"start":{"line":11,"column":29030},"end":{"line":11,"column":29165}},"595":{"start":{"line":11,"column":29130},"end":{"line":11,"column":29158}},"596":{"start":{"line":11,"column":29200},"end":{"line":11,"column":29224}},"597":{"start":{"line":11,"column":29271},"end":{"line":11,"column":29275}},"598":{"start":{"line":11,"column":29276},"end":{"line":11,"column":29474}},"599":{"start":{"line":11,"column":29310},"end":{"line":11,"column":29474}},"600":{"start":{"line":11,"column":29402},"end":{"line":11,"column":29430}},"601":{"start":{"line":11,"column":29431},"end":{"line":11,"column":29468}},"602":{"start":{"line":11,"column":29474},"end":{"line":11,"column":29669}},"603":{"start":{"line":11,"column":29512},"end":{"line":11,"column":29595}},"604":{"start":{"line":11,"column":29568},"end":{"line":11,"column":29591}},"605":{"start":{"line":11,"column":29704},"end":{"line":11,"column":29757}},"606":{"start":{"line":11,"column":29719},"end":{"line":11,"column":29757}},"607":{"start":{"line":11,"column":29811},"end":{"line":11,"column":29820}},"608":{"start":{"line":11,"column":29823},"end":{"line":11,"column":29849}},"609":{"start":{"line":11,"column":29850},"end":{"line":11,"column":30094}},"610":{"start":{"line":11,"column":30134},"end":{"line":11,"column":30138}},"611":{"start":{"line":11,"column":30141},"end":{"line":11,"column":30188}},"612":{"start":{"line":11,"column":30164},"end":{"line":11,"column":30186}},"613":{"start":{"line":11,"column":30189},"end":{"line":11,"column":30521}},"614":{"start":{"line":11,"column":30264},"end":{"line":11,"column":30422}},"615":{"start":{"line":11,"column":30315},"end":{"line":11,"column":30420}},"616":{"start":{"line":11,"column":30559},"end":{"line":11,"column":30593}},"617":{"start":{"line":11,"column":30596},"end":{"line":11,"column":30622}},"618":{"start":{"line":11,"column":30623},"end":{"line":11,"column":30674}},"619":{"start":{"line":11,"column":30698},"end":{"line":11,"column":30719}},"620":{"start":{"line":11,"column":30747},"end":{"line":11,"column":30748}},"621":{"start":{"line":11,"column":30755},"end":{"line":11,"column":30779}},"622":{"start":{"line":11,"column":30788},"end":{"line":11,"column":31346}},"623":{"start":{"line":11,"column":30817},"end":{"line":11,"column":30826}},"624":{"start":{"line":11,"column":30827},"end":{"line":11,"column":31344}},"625":{"start":{"line":11,"column":30854},"end":{"line":11,"column":31342}},"626":{"start":{"line":11,"column":30895},"end":{"line":11,"column":31271}},"627":{"start":{"line":11,"column":30921},"end":{"line":11,"column":30944}},"628":{"start":{"line":11,"column":30945},"end":{"line":11,"column":31152}},"629":{"start":{"line":11,"column":31078},"end":{"line":11,"column":31152}},"630":{"start":{"line":11,"column":31152},"end":{"line":11,"column":31263}},"631":{"start":{"line":11,"column":31277},"end":{"line":11,"column":31286}},"632":{"start":{"line":11,"column":31287},"end":{"line":11,"column":31340}},"633":{"start":{"line":11,"column":31347},"end":{"line":11,"column":31374}},"634":{"start":{"line":11,"column":31392},"end":{"line":11,"column":31455}},"635":{"start":{"line":11,"column":31438},"end":{"line":11,"column":31453}},"636":{"start":{"line":11,"column":31462},"end":{"line":11,"column":31464}},"637":{"start":{"line":11,"column":31473},"end":{"line":11,"column":31805}},"638":{"start":{"line":11,"column":31495},"end":{"line":11,"column":31532}},"639":{"start":{"line":11,"column":31562},"end":{"line":11,"column":31578}},"640":{"start":{"line":11,"column":31604},"end":{"line":11,"column":31644}},"641":{"start":{"line":11,"column":31662},"end":{"line":11,"column":31672}},"642":{"start":{"line":11,"column":31699},"end":{"line":11,"column":31768}},"643":{"start":{"line":11,"column":31712},"end":{"line":11,"column":31755}},"644":{"start":{"line":11,"column":31787},"end":{"line":11,"column":31803}},"645":{"start":{"line":11,"column":31822},"end":{"line":11,"column":31858}},"646":{"start":{"line":11,"column":31858},"end":{"line":11,"column":31903}},"647":{"start":{"line":11,"column":31868},"end":{"line":11,"column":31869}},"648":{"start":{"line":11,"column":31872},"end":{"line":11,"column":31884}},"649":{"start":{"line":11,"column":31893},"end":{"line":11,"column":31903}},"650":{"start":{"line":11,"column":31903},"end":{"line":11,"column":31911}},"651":{"start":{"line":11,"column":31928},"end":{"line":11,"column":32762}},"652":{"start":{"line":11,"column":31947},"end":{"line":11,"column":31975}},"653":{"start":{"line":11,"column":31967},"end":{"line":11,"column":31975}},"654":{"start":{"line":11,"column":32001},"end":{"line":11,"column":32077}},"655":{"start":{"line":11,"column":32078},"end":{"line":11,"column":32290}},"656":{"start":{"line":11,"column":32100},"end":{"line":11,"column":32102}},"657":{"start":{"line":11,"column":32105},"end":{"line":11,"column":32107}},"658":{"start":{"line":11,"column":32110},"end":{"line":11,"column":32112}},"659":{"start":{"line":11,"column":32113},"end":{"line":11,"column":32281}},"660":{"start":{"line":11,"column":32117},"end":{"line":11,"column":32198}},"661":{"start":{"line":11,"column":32208},"end":{"line":11,"column":32216}},"662":{"start":{"line":11,"column":32225},"end":{"line":11,"column":32280}},"663":{"start":{"line":11,"column":32229},"end":{"line":11,"column":32258}},"664":{"start":{"line":11,"column":32267},"end":{"line":11,"column":32279}},"665":{"start":{"line":11,"column":32272},"end":{"line":11,"column":32279}},"666":{"start":{"line":11,"column":32281},"end":{"line":11,"column":32289}},"667":{"start":{"line":11,"column":32312},"end":{"line":11,"column":32580}},"668":{"start":{"line":11,"column":32318},"end":{"line":11,"column":32354}},"669":{"start":{"line":11,"column":32340},"end":{"line":11,"column":32354}},"670":{"start":{"line":11,"column":32360},"end":{"line":11,"column":32405}},"671":{"start":{"line":11,"column":32406},"end":{"line":11,"column":32579}},"672":{"start":{"line":11,"column":32599},"end":{"line":11,"column":32759}},"673":{"start":{"line":11,"column":32763},"end":{"line":11,"column":33112}},"674":{"start":{"line":11,"column":32810},"end":{"line":11,"column":32907}},"675":{"start":{"line":11,"column":32958},"end":{"line":11,"column":33109}},"676":{"start":{"line":11,"column":33028},"end":{"line":11,"column":33042}},"677":{"start":{"line":11,"column":33042},"end":{"line":11,"column":33086}},"678":{"start":{"line":11,"column":33120},"end":{"line":11,"column":33144}},"679":{"start":{"line":11,"column":33169},"end":{"line":11,"column":33171}},"680":{"start":{"line":11,"column":33174},"end":{"line":11,"column":33182}},"681":{"start":{"line":11,"column":33185},"end":{"line":11,"column":33196}},"682":{"start":{"line":11,"column":33199},"end":{"line":11,"column":33210}},"683":{"start":{"line":11,"column":33213},"end":{"line":11,"column":33246}},"684":{"start":{"line":11,"column":33249},"end":{"line":11,"column":33592}},"685":{"start":{"line":11,"column":33267},"end":{"line":11,"column":33375}},"686":{"start":{"line":11,"column":33395},"end":{"line":11,"column":33410}},"687":{"start":{"line":11,"column":33432},"end":{"line":11,"column":33456}},"688":{"start":{"line":11,"column":33478},"end":{"line":11,"column":33495}},"689":{"start":{"line":11,"column":33517},"end":{"line":11,"column":33535}},"690":{"start":{"line":11,"column":33595},"end":{"line":11,"column":33644}},"691":{"start":{"line":11,"column":33645},"end":{"line":11,"column":33809}},"692":{"start":{"line":11,"column":33724},"end":{"line":11,"column":33739}},"693":{"start":{"line":11,"column":33730},"end":{"line":11,"column":33739}},"694":{"start":{"line":11,"column":33739},"end":{"line":11,"column":33805}},"695":{"start":{"line":11,"column":33783},"end":{"line":11,"column":33805}},"696":{"start":{"line":11,"column":33824},"end":{"line":11,"column":33843}},"697":{"start":{"line":11,"column":33857},"end":{"line":11,"column":33865}},"698":{"start":{"line":11,"column":33866},"end":{"line":11,"column":34741}},"699":{"start":{"line":11,"column":33933},"end":{"line":11,"column":33996}},"700":{"start":{"line":11,"column":33972},"end":{"line":11,"column":33994}},"701":{"start":{"line":11,"column":34020},"end":{"line":11,"column":34054}},"702":{"start":{"line":11,"column":34074},"end":{"line":11,"column":34218}},"703":{"start":{"line":11,"column":34168},"end":{"line":11,"column":34178}},"704":{"start":{"line":11,"column":34242},"end":{"line":11,"column":34271}},"705":{"start":{"line":11,"column":34272},"end":{"line":11,"column":34301}},"706":{"start":{"line":11,"column":34326},"end":{"line":11,"column":34363}},"707":{"start":{"line":11,"column":34364},"end":{"line":11,"column":34401}},"708":{"start":{"line":11,"column":34370},"end":{"line":11,"column":34401}},"709":{"start":{"line":11,"column":34407},"end":{"line":11,"column":34412}},"710":{"start":{"line":11,"column":34415},"end":{"line":11,"column":34420}},"711":{"start":{"line":11,"column":34423},"end":{"line":11,"column":34430}},"712":{"start":{"line":11,"column":34433},"end":{"line":11,"column":34440}},"713":{"start":{"line":11,"column":34443},"end":{"line":11,"column":34452}},"714":{"start":{"line":11,"column":34455},"end":{"line":11,"column":34487}},"715":{"start":{"line":11,"column":34488},"end":{"line":11,"column":34673}},"716":{"start":{"line":11,"column":34508},"end":{"line":11,"column":34542}}},"fnMap":{"0":{"name":"(anonymous_0)","decl":{"start":{"line":11,"column":12},"end":{"line":11,"column":13}},"loc":{"start":{"line":11,"column":16},"end":{"line":11,"column":34773}},"line":11},"1":{"name":"(anonymous_1)","decl":{"start":{"line":11,"column":57},"end":{"line":11,"column":58}},"loc":{"start":{"line":11,"column":60},"end":{"line":11,"column":1794}},"line":11},"2":{"name":"(anonymous_2)","decl":{"start":{"line":11,"column":100},"end":{"line":11,"column":101}},"loc":{"start":{"line":11,"column":110},"end":{"line":11,"column":129}},"line":11},"3":{"name":"(anonymous_3)","decl":{"start":{"line":11,"column":140},"end":{"line":11,"column":141}},"loc":{"start":{"line":11,"column":150},"end":{"line":11,"column":169}},"line":11},"4":{"name":"(anonymous_4)","decl":{"start":{"line":11,"column":176},"end":{"line":11,"column":177}},"loc":{"start":{"line":11,"column":189},"end":{"line":11,"column":581}},"line":11},"5":{"name":"(anonymous_5)","decl":{"start":{"line":11,"column":588},"end":{"line":11,"column":589}},"loc":{"start":{"line":11,"column":603},"end":{"line":11,"column":834}},"line":11},"6":{"name":"(anonymous_6)","decl":{"start":{"line":11,"column":843},"end":{"line":11,"column":844}},"loc":{"start":{"line":11,"column":856},"end":{"line":11,"column":1069}},"line":11},"7":{"name":"(anonymous_7)","decl":{"start":{"line":11,"column":1077},"end":{"line":11,"column":1078}},"loc":{"start":{"line":11,"column":1092},"end":{"line":11,"column":1213}},"line":11},"8":{"name":"e","decl":{"start":{"line":11,"column":1131},"end":{"line":11,"column":1132}},"loc":{"start":{"line":11,"column":1134},"end":{"line":11,"column":1209}},"line":11},"9":{"name":"(anonymous_9)","decl":{"start":{"line":11,"column":1222},"end":{"line":11,"column":1223}},"loc":{"start":{"line":11,"column":1232},"end":{"line":11,"column":1479}},"line":11},"10":{"name":"(anonymous_10)","decl":{"start":{"line":11,"column":1493},"end":{"line":11,"column":1494}},"loc":{"start":{"line":11,"column":1504},"end":{"line":11,"column":1598}},"line":11},"11":{"name":"(anonymous_11)","decl":{"start":{"line":11,"column":1603},"end":{"line":11,"column":1604}},"loc":{"start":{"line":11,"column":1614},"end":{"line":11,"column":1648}},"line":11},"12":{"name":"n","decl":{"start":{"line":11,"column":1660},"end":{"line":11,"column":1661}},"loc":{"start":{"line":11,"column":1663},"end":{"line":11,"column":1717}},"line":11},"13":{"name":"o","decl":{"start":{"line":11,"column":1726},"end":{"line":11,"column":1727}},"loc":{"start":{"line":11,"column":1732},"end":{"line":11,"column":1782}},"line":11},"14":{"name":"(anonymous_14)","decl":{"start":{"line":11,"column":1799},"end":{"line":11,"column":1800}},"loc":{"start":{"line":11,"column":1866},"end":{"line":11,"column":6551}},"line":11},"15":{"name":"(anonymous_15)","decl":{"start":{"line":11,"column":1912},"end":{"line":11,"column":1913}},"loc":{"start":{"line":11,"column":1916},"end":{"line":11,"column":1925}},"line":11},"16":{"name":"(anonymous_16)","decl":{"start":{"line":11,"column":2918},"end":{"line":11,"column":2919}},"loc":{"start":{"line":11,"column":2929},"end":{"line":11,"column":3006}},"line":11},"17":{"name":"(anonymous_17)","decl":{"start":{"line":11,"column":3017},"end":{"line":11,"column":3018}},"loc":{"start":{"line":11,"column":3027},"end":{"line":11,"column":6548}},"line":11},"18":{"name":"Processor","decl":{"start":{"line":11,"column":3037},"end":{"line":11,"column":3046}},"loc":{"start":{"line":11,"column":3049},"end":{"line":11,"column":3699}},"line":11},"19":{"name":"(anonymous_19)","decl":{"start":{"line":11,"column":3811},"end":{"line":11,"column":3812}},"loc":{"start":{"line":11,"column":3822},"end":{"line":11,"column":4015}},"line":11},"20":{"name":"run","decl":{"start":{"line":11,"column":4043},"end":{"line":11,"column":4046}},"loc":{"start":{"line":11,"column":4048},"end":{"line":11,"column":6534}},"line":11},"21":{"name":"solve","decl":{"start":{"line":11,"column":4254},"end":{"line":11,"column":4259}},"loc":{"start":{"line":11,"column":4261},"end":{"line":11,"column":6483}},"line":11},"22":{"name":"cback","decl":{"start":{"line":11,"column":4706},"end":{"line":11,"column":4711}},"loc":{"start":{"line":11,"column":4721},"end":{"line":11,"column":6065}},"line":11},"23":{"name":"(anonymous_23)","decl":{"start":{"line":11,"column":6247},"end":{"line":11,"column":6248}},"loc":{"start":{"line":11,"column":6258},"end":{"line":11,"column":6288}},"line":11},"24":{"name":"(anonymous_24)","decl":{"start":{"line":11,"column":6555},"end":{"line":11,"column":6556}},"loc":{"start":{"line":11,"column":6564},"end":{"line":11,"column":7637}},"line":11},"25":{"name":"(anonymous_25)","decl":{"start":{"line":11,"column":6575},"end":{"line":11,"column":6576}},"loc":{"start":{"line":11,"column":6579},"end":{"line":11,"column":6580}},"line":11},"26":{"name":"(anonymous_26)","decl":{"start":{"line":11,"column":6584},"end":{"line":11,"column":6585}},"loc":{"start":{"line":11,"column":6588},"end":{"line":11,"column":6589}},"line":11},"27":{"name":"(anonymous_27)","decl":{"start":{"line":11,"column":6593},"end":{"line":11,"column":6594}},"loc":{"start":{"line":11,"column":6597},"end":{"line":11,"column":6598}},"line":11},"28":{"name":"i","decl":{"start":{"line":11,"column":6630},"end":{"line":11,"column":6631}},"loc":{"start":{"line":11,"column":6636},"end":{"line":11,"column":6838}},"line":11},"29":{"name":"(anonymous_29)","decl":{"start":{"line":11,"column":6747},"end":{"line":11,"column":6748}},"loc":{"start":{"line":11,"column":6758},"end":{"line":11,"column":6814}},"line":11},"30":{"name":"c","decl":{"start":{"line":11,"column":6847},"end":{"line":11,"column":6848}},"loc":{"start":{"line":11,"column":6851},"end":{"line":11,"column":7289}},"line":11},"31":{"name":"(anonymous_31)","decl":{"start":{"line":11,"column":6957},"end":{"line":11,"column":6958}},"loc":{"start":{"line":11,"column":6968},"end":{"line":11,"column":7083}},"line":11},"32":{"name":"(anonymous_32)","decl":{"start":{"line":11,"column":7202},"end":{"line":11,"column":7203}},"loc":{"start":{"line":11,"column":7213},"end":{"line":11,"column":7278}},"line":11},"33":{"name":"e","decl":{"start":{"line":11,"column":7304},"end":{"line":11,"column":7305}},"loc":{"start":{"line":11,"column":7308},"end":{"line":11,"column":7432}},"line":11},"34":{"name":"(anonymous_34)","decl":{"start":{"line":11,"column":7435},"end":{"line":11,"column":7436}},"loc":{"start":{"line":11,"column":7450},"end":{"line":11,"column":7524}},"line":11},"35":{"name":"(anonymous_35)","decl":{"start":{"line":11,"column":7527},"end":{"line":11,"column":7528}},"loc":{"start":{"line":11,"column":7542},"end":{"line":11,"column":7636}},"line":11},"36":{"name":"(anonymous_36)","decl":{"start":{"line":11,"column":7642},"end":{"line":11,"column":7643}},"loc":{"start":{"line":11,"column":7651},"end":{"line":11,"column":7906}},"line":11},"37":{"name":"(anonymous_37)","decl":{"start":{"line":11,"column":7661},"end":{"line":11,"column":7662}},"loc":{"start":{"line":11,"column":7665},"end":{"line":11,"column":7666}},"line":11},"38":{"name":"(anonymous_38)","decl":{"start":{"line":11,"column":7911},"end":{"line":11,"column":7912}},"loc":{"start":{"line":11,"column":7920},"end":{"line":11,"column":9128}},"line":11},"39":{"name":"(anonymous_39)","decl":{"start":{"line":11,"column":7930},"end":{"line":11,"column":7931}},"loc":{"start":{"line":11,"column":7934},"end":{"line":11,"column":7935}},"line":11},"40":{"name":"(anonymous_40)","decl":{"start":{"line":11,"column":8005},"end":{"line":11,"column":8006}},"loc":{"start":{"line":11,"column":8015},"end":{"line":11,"column":8051}},"line":11},"41":{"name":"(anonymous_41)","decl":{"start":{"line":11,"column":8056},"end":{"line":11,"column":8057}},"loc":{"start":{"line":11,"column":8077},"end":{"line":11,"column":8306}},"line":11},"42":{"name":"(anonymous_42)","decl":{"start":{"line":11,"column":8311},"end":{"line":11,"column":8312}},"loc":{"start":{"line":11,"column":8322},"end":{"line":11,"column":8574}},"line":11},"43":{"name":"(anonymous_43)","decl":{"start":{"line":11,"column":8579},"end":{"line":11,"column":8580}},"loc":{"start":{"line":11,"column":8594},"end":{"line":11,"column":8760}},"line":11},"44":{"name":"(anonymous_44)","decl":{"start":{"line":11,"column":8768},"end":{"line":11,"column":8769}},"loc":{"start":{"line":11,"column":8778},"end":{"line":11,"column":8938}},"line":11},"45":{"name":"(anonymous_45)","decl":{"start":{"line":11,"column":8946},"end":{"line":11,"column":8947}},"loc":{"start":{"line":11,"column":8956},"end":{"line":11,"column":9116}},"line":11},"46":{"name":"(anonymous_46)","decl":{"start":{"line":11,"column":9057},"end":{"line":11,"column":9058}},"loc":{"start":{"line":11,"column":9068},"end":{"line":11,"column":9113}},"line":11},"47":{"name":"(anonymous_47)","decl":{"start":{"line":11,"column":9133},"end":{"line":11,"column":9134}},"loc":{"start":{"line":11,"column":9142},"end":{"line":11,"column":9486}},"line":11},"48":{"name":"(anonymous_48)","decl":{"start":{"line":11,"column":9152},"end":{"line":11,"column":9153}},"loc":{"start":{"line":11,"column":9156},"end":{"line":11,"column":9157}},"line":11},"49":{"name":"(anonymous_49)","decl":{"start":{"line":11,"column":9161},"end":{"line":11,"column":9162}},"loc":{"start":{"line":11,"column":9165},"end":{"line":11,"column":9166}},"line":11},"50":{"name":"(anonymous_50)","decl":{"start":{"line":11,"column":9170},"end":{"line":11,"column":9171}},"loc":{"start":{"line":11,"column":9174},"end":{"line":11,"column":9175}},"line":11},"51":{"name":"(anonymous_51)","decl":{"start":{"line":11,"column":9178},"end":{"line":11,"column":9179}},"loc":{"start":{"line":11,"column":9182},"end":{"line":11,"column":9183}},"line":11},"52":{"name":"(anonymous_52)","decl":{"start":{"line":11,"column":9187},"end":{"line":11,"column":9188}},"loc":{"start":{"line":11,"column":9191},"end":{"line":11,"column":9192}},"line":11},"53":{"name":"(anonymous_53)","decl":{"start":{"line":11,"column":9196},"end":{"line":11,"column":9197}},"loc":{"start":{"line":11,"column":9200},"end":{"line":11,"column":9201}},"line":11},"54":{"name":"(anonymous_54)","decl":{"start":{"line":11,"column":9205},"end":{"line":11,"column":9206}},"loc":{"start":{"line":11,"column":9209},"end":{"line":11,"column":9210}},"line":11},"55":{"name":"(anonymous_55)","decl":{"start":{"line":11,"column":9295},"end":{"line":11,"column":9296}},"loc":{"start":{"line":11,"column":9308},"end":{"line":11,"column":9470}},"line":11},"56":{"name":"(anonymous_56)","decl":{"start":{"line":11,"column":9473},"end":{"line":11,"column":9474}},"loc":{"start":{"line":11,"column":9483},"end":{"line":11,"column":9485}},"line":11},"57":{"name":"(anonymous_57)","decl":{"start":{"line":11,"column":9491},"end":{"line":11,"column":9492}},"loc":{"start":{"line":11,"column":9500},"end":{"line":11,"column":10033}},"line":11},"58":{"name":"(anonymous_58)","decl":{"start":{"line":11,"column":9510},"end":{"line":11,"column":9511}},"loc":{"start":{"line":11,"column":9514},"end":{"line":11,"column":9515}},"line":11},"59":{"name":"(anonymous_59)","decl":{"start":{"line":11,"column":9625},"end":{"line":11,"column":9626}},"loc":{"start":{"line":11,"column":9636},"end":{"line":11,"column":9655}},"line":11},"60":{"name":"(anonymous_60)","decl":{"start":{"line":11,"column":9668},"end":{"line":11,"column":9669}},"loc":{"start":{"line":11,"column":9681},"end":{"line":11,"column":9729}},"line":11},"61":{"name":"(anonymous_61)","decl":{"start":{"line":11,"column":9734},"end":{"line":11,"column":9735}},"loc":{"start":{"line":11,"column":9747},"end":{"line":11,"column":9783}},"line":11},"62":{"name":"(anonymous_62)","decl":{"start":{"line":11,"column":9789},"end":{"line":11,"column":9790}},"loc":{"start":{"line":11,"column":9800},"end":{"line":11,"column":9805}},"line":11},"63":{"name":"(anonymous_63)","decl":{"start":{"line":11,"column":9812},"end":{"line":11,"column":9813}},"loc":{"start":{"line":11,"column":9823},"end":{"line":11,"column":10021}},"line":11},"64":{"name":"(anonymous_64)","decl":{"start":{"line":11,"column":10038},"end":{"line":11,"column":10039}},"loc":{"start":{"line":11,"column":10105},"end":{"line":11,"column":14774}},"line":11},"65":{"name":"(anonymous_65)","decl":{"start":{"line":11,"column":10151},"end":{"line":11,"column":10152}},"loc":{"start":{"line":11,"column":10155},"end":{"line":11,"column":10181}},"line":11},"66":{"name":"(anonymous_66)","decl":{"start":{"line":11,"column":10680},"end":{"line":11,"column":10681}},"loc":{"start":{"line":11,"column":10691},"end":{"line":11,"column":11102}},"line":11},"67":{"name":"(anonymous_67)","decl":{"start":{"line":11,"column":11114},"end":{"line":11,"column":11115}},"loc":{"start":{"line":11,"column":11127},"end":{"line":11,"column":11249}},"line":11},"68":{"name":"(anonymous_68)","decl":{"start":{"line":11,"column":11269},"end":{"line":11,"column":11270}},"loc":{"start":{"line":11,"column":11280},"end":{"line":11,"column":11345}},"line":11},"69":{"name":"(anonymous_69)","decl":{"start":{"line":11,"column":11364},"end":{"line":11,"column":11365}},"loc":{"start":{"line":11,"column":11375},"end":{"line":11,"column":11512}},"line":11},"70":{"name":"(anonymous_70)","decl":{"start":{"line":11,"column":11520},"end":{"line":11,"column":11521}},"loc":{"start":{"line":11,"column":11533},"end":{"line":11,"column":13590}},"line":11},"71":{"name":"(anonymous_71)","decl":{"start":{"line":11,"column":12255},"end":{"line":11,"column":12256}},"loc":{"start":{"line":11,"column":12265},"end":{"line":11,"column":12267}},"line":11},"72":{"name":"(anonymous_72)","decl":{"start":{"line":11,"column":12281},"end":{"line":11,"column":12282}},"loc":{"start":{"line":11,"column":12292},"end":{"line":11,"column":12366}},"line":11},"73":{"name":"(anonymous_73)","decl":{"start":{"line":11,"column":12376},"end":{"line":11,"column":12377}},"loc":{"start":{"line":11,"column":12386},"end":{"line":11,"column":12405}},"line":11},"74":{"name":"(anonymous_74)","decl":{"start":{"line":11,"column":12546},"end":{"line":11,"column":12547}},"loc":{"start":{"line":11,"column":12556},"end":{"line":11,"column":12566}},"line":11},"75":{"name":"(anonymous_75)","decl":{"start":{"line":11,"column":12597},"end":{"line":11,"column":12598}},"loc":{"start":{"line":11,"column":12607},"end":{"line":11,"column":13298}},"line":11},"76":{"name":"(anonymous_76)","decl":{"start":{"line":11,"column":12985},"end":{"line":11,"column":12986}},"loc":{"start":{"line":11,"column":12995},"end":{"line":11,"column":13003}},"line":11},"77":{"name":"(anonymous_77)","decl":{"start":{"line":11,"column":13309},"end":{"line":11,"column":13310}},"loc":{"start":{"line":11,"column":13319},"end":{"line":11,"column":13347}},"line":11},"78":{"name":"(anonymous_78)","decl":{"start":{"line":11,"column":13358},"end":{"line":11,"column":13359}},"loc":{"start":{"line":11,"column":13368},"end":{"line":11,"column":13396}},"line":11},"79":{"name":"(anonymous_79)","decl":{"start":{"line":11,"column":13484},"end":{"line":11,"column":13485}},"loc":{"start":{"line":11,"column":13494},"end":{"line":11,"column":13515}},"line":11},"80":{"name":"post","decl":{"start":{"line":11,"column":13656},"end":{"line":11,"column":13660}},"loc":{"start":{"line":11,"column":13700},"end":{"line":11,"column":14051}},"line":11},"81":{"name":"cback","decl":{"start":{"line":11,"column":13737},"end":{"line":11,"column":13742}},"loc":{"start":{"line":11,"column":13745},"end":{"line":11,"column":13973}},"line":11},"82":{"name":"(anonymous_82)","decl":{"start":{"line":11,"column":14056},"end":{"line":11,"column":14057}},"loc":{"start":{"line":11,"column":14077},"end":{"line":11,"column":14189}},"line":11},"83":{"name":"(anonymous_83)","decl":{"start":{"line":11,"column":14194},"end":{"line":11,"column":14195}},"loc":{"start":{"line":11,"column":14215},"end":{"line":11,"column":14288}},"line":11},"84":{"name":"getJson","decl":{"start":{"line":11,"column":14306},"end":{"line":11,"column":14313}},"loc":{"start":{"line":11,"column":14336},"end":{"line":11,"column":14650}},"line":11},"85":{"name":"cback","decl":{"start":{"line":11,"column":14406},"end":{"line":11,"column":14411}},"loc":{"start":{"line":11,"column":14414},"end":{"line":11,"column":14625}},"line":11},"86":{"name":"(anonymous_86)","decl":{"start":{"line":11,"column":14658},"end":{"line":11,"column":14659}},"loc":{"start":{"line":11,"column":14671},"end":{"line":11,"column":14772}},"line":11},"87":{"name":"(anonymous_87)","decl":{"start":{"line":11,"column":14779},"end":{"line":11,"column":14780}},"loc":{"start":{"line":11,"column":14788},"end":{"line":11,"column":16358}},"line":11},"88":{"name":"(anonymous_88)","decl":{"start":{"line":11,"column":14798},"end":{"line":11,"column":14799}},"loc":{"start":{"line":11,"column":14802},"end":{"line":11,"column":14803}},"line":11},"89":{"name":"(anonymous_89)","decl":{"start":{"line":11,"column":14837},"end":{"line":11,"column":14838}},"loc":{"start":{"line":11,"column":14850},"end":{"line":11,"column":14966}},"line":11},"90":{"name":"(anonymous_90)","decl":{"start":{"line":11,"column":14974},"end":{"line":11,"column":14975}},"loc":{"start":{"line":11,"column":14984},"end":{"line":11,"column":15143}},"line":11},"91":{"name":"(anonymous_91)","decl":{"start":{"line":11,"column":15150},"end":{"line":11,"column":15151}},"loc":{"start":{"line":11,"column":15161},"end":{"line":11,"column":15518}},"line":11},"92":{"name":"(anonymous_92)","decl":{"start":{"line":11,"column":15526},"end":{"line":11,"column":15527}},"loc":{"start":{"line":11,"column":15541},"end":{"line":11,"column":15627}},"line":11},"93":{"name":"(anonymous_93)","decl":{"start":{"line":11,"column":15635},"end":{"line":11,"column":15636}},"loc":{"start":{"line":11,"column":15648},"end":{"line":11,"column":15739}},"line":11},"94":{"name":"(anonymous_94)","decl":{"start":{"line":11,"column":15749},"end":{"line":11,"column":15750}},"loc":{"start":{"line":11,"column":15760},"end":{"line":11,"column":15807}},"line":11},"95":{"name":"(anonymous_95)","decl":{"start":{"line":11,"column":15817},"end":{"line":11,"column":15818}},"loc":{"start":{"line":11,"column":15830},"end":{"line":11,"column":16122}},"line":11},"96":{"name":"(anonymous_96)","decl":{"start":{"line":11,"column":16128},"end":{"line":11,"column":16129}},"loc":{"start":{"line":11,"column":16139},"end":{"line":11,"column":16346}},"line":11},"97":{"name":"(anonymous_97)","decl":{"start":{"line":11,"column":16147},"end":{"line":11,"column":16148}},"loc":{"start":{"line":11,"column":16160},"end":{"line":11,"column":16227}},"line":11},"98":{"name":"(anonymous_98)","decl":{"start":{"line":11,"column":16230},"end":{"line":11,"column":16231}},"loc":{"start":{"line":11,"column":16245},"end":{"line":11,"column":16344}},"line":11},"99":{"name":"(anonymous_99)","decl":{"start":{"line":11,"column":16363},"end":{"line":11,"column":16364}},"loc":{"start":{"line":11,"column":16366},"end":{"line":11,"column":18854}},"line":11},"100":{"name":"r","decl":{"start":{"line":11,"column":16376},"end":{"line":11,"column":16377}},"loc":{"start":{"line":11,"column":16380},"end":{"line":11,"column":16946}},"line":11},"101":{"name":"(anonymous_101)","decl":{"start":{"line":11,"column":16569},"end":{"line":11,"column":16570}},"loc":{"start":{"line":11,"column":16579},"end":{"line":11,"column":16581}},"line":11},"102":{"name":"(anonymous_102)","decl":{"start":{"line":11,"column":16588},"end":{"line":11,"column":16589}},"loc":{"start":{"line":11,"column":16599},"end":{"line":11,"column":16742}},"line":11},"103":{"name":"(anonymous_103)","decl":{"start":{"line":11,"column":16743},"end":{"line":11,"column":16744}},"loc":{"start":{"line":11,"column":16754},"end":{"line":11,"column":16896}},"line":11},"104":{"name":"(anonymous_104)","decl":{"start":{"line":11,"column":16953},"end":{"line":11,"column":16954}},"loc":{"start":{"line":11,"column":16968},"end":{"line":11,"column":17003}},"line":11},"105":{"name":"(anonymous_105)","decl":{"start":{"line":11,"column":16979},"end":{"line":11,"column":16980}},"loc":{"start":{"line":11,"column":16990},"end":{"line":11,"column":16999}},"line":11},"106":{"name":"(anonymous_106)","decl":{"start":{"line":11,"column":17024},"end":{"line":11,"column":17025}},"loc":{"start":{"line":11,"column":17035},"end":{"line":11,"column":17083}},"line":11},"107":{"name":"(anonymous_107)","decl":{"start":{"line":11,"column":17055},"end":{"line":11,"column":17056}},"loc":{"start":{"line":11,"column":17068},"end":{"line":11,"column":17081}},"line":11},"108":{"name":"(anonymous_108)","decl":{"start":{"line":11,"column":17103},"end":{"line":11,"column":17104}},"loc":{"start":{"line":11,"column":17114},"end":{"line":11,"column":17162}},"line":11},"109":{"name":"(anonymous_109)","decl":{"start":{"line":11,"column":17134},"end":{"line":11,"column":17135}},"loc":{"start":{"line":11,"column":17147},"end":{"line":11,"column":17160}},"line":11},"110":{"name":"(anonymous_110)","decl":{"start":{"line":11,"column":17182},"end":{"line":11,"column":17183}},"loc":{"start":{"line":11,"column":17193},"end":{"line":11,"column":17216}},"line":11},"111":{"name":"(anonymous_111)","decl":{"start":{"line":11,"column":17234},"end":{"line":11,"column":17235}},"loc":{"start":{"line":11,"column":17247},"end":{"line":11,"column":17466}},"line":11},"112":{"name":"(anonymous_112)","decl":{"start":{"line":11,"column":17485},"end":{"line":11,"column":17486}},"loc":{"start":{"line":11,"column":17496},"end":{"line":11,"column":17638}},"line":11},"113":{"name":"(anonymous_113)","decl":{"start":{"line":11,"column":17659},"end":{"line":11,"column":17660}},"loc":{"start":{"line":11,"column":17670},"end":{"line":11,"column":17778}},"line":11},"114":{"name":"(anonymous_114)","decl":{"start":{"line":11,"column":17862},"end":{"line":11,"column":17863}},"loc":{"start":{"line":11,"column":17873},"end":{"line":11,"column":17901}},"line":11},"115":{"name":"(anonymous_115)","decl":{"start":{"line":11,"column":17916},"end":{"line":11,"column":17917}},"loc":{"start":{"line":11,"column":17927},"end":{"line":11,"column":17974}},"line":11},"116":{"name":"(anonymous_116)","decl":{"start":{"line":11,"column":17981},"end":{"line":11,"column":17982}},"loc":{"start":{"line":11,"column":17992},"end":{"line":11,"column":18009}},"line":11},"117":{"name":"(anonymous_117)","decl":{"start":{"line":11,"column":18016},"end":{"line":11,"column":18017}},"loc":{"start":{"line":11,"column":18027},"end":{"line":11,"column":18274}},"line":11},"118":{"name":"(anonymous_118)","decl":{"start":{"line":11,"column":18147},"end":{"line":11,"column":18148}},"loc":{"start":{"line":11,"column":18160},"end":{"line":11,"column":18272}},"line":11},"119":{"name":"(anonymous_119)","decl":{"start":{"line":11,"column":18171},"end":{"line":11,"column":18172}},"loc":{"start":{"line":11,"column":18184},"end":{"line":11,"column":18270}},"line":11},"120":{"name":"(anonymous_120)","decl":{"start":{"line":11,"column":18225},"end":{"line":11,"column":18226}},"loc":{"start":{"line":11,"column":18236},"end":{"line":11,"column":18259}},"line":11},"121":{"name":"(anonymous_121)","decl":{"start":{"line":11,"column":18282},"end":{"line":11,"column":18283}},"loc":{"start":{"line":11,"column":18293},"end":{"line":11,"column":18438}},"line":11},"122":{"name":"(anonymous_122)","decl":{"start":{"line":11,"column":18324},"end":{"line":11,"column":18325}},"loc":{"start":{"line":11,"column":18337},"end":{"line":11,"column":18381}},"line":11},"123":{"name":"(anonymous_123)","decl":{"start":{"line":11,"column":18348},"end":{"line":11,"column":18349}},"loc":{"start":{"line":11,"column":18359},"end":{"line":11,"column":18379}},"line":11},"124":{"name":"(anonymous_124)","decl":{"start":{"line":11,"column":18447},"end":{"line":11,"column":18448}},"loc":{"start":{"line":11,"column":18458},"end":{"line":11,"column":18687}},"line":11},"125":{"name":"(anonymous_125)","decl":{"start":{"line":11,"column":18571},"end":{"line":11,"column":18572}},"loc":{"start":{"line":11,"column":18584},"end":{"line":11,"column":18685}},"line":11},"126":{"name":"t","decl":{"start":{"line":11,"column":18595},"end":{"line":11,"column":18596}},"loc":{"start":{"line":11,"column":18601},"end":{"line":11,"column":18681}},"line":11},"127":{"name":"(anonymous_127)","decl":{"start":{"line":11,"column":18633},"end":{"line":11,"column":18634}},"loc":{"start":{"line":11,"column":18644},"end":{"line":11,"column":18654}},"line":11},"128":{"name":"(anonymous_128)","decl":{"start":{"line":11,"column":18662},"end":{"line":11,"column":18663}},"loc":{"start":{"line":11,"column":18673},"end":{"line":11,"column":18679}},"line":11},"129":{"name":"(anonymous_129)","decl":{"start":{"line":11,"column":18697},"end":{"line":11,"column":18698}},"loc":{"start":{"line":11,"column":18708},"end":{"line":11,"column":18750}},"line":11},"130":{"name":"(anonymous_130)","decl":{"start":{"line":11,"column":18722},"end":{"line":11,"column":18723}},"loc":{"start":{"line":11,"column":18735},"end":{"line":11,"column":18748}},"line":11},"131":{"name":"(anonymous_131)","decl":{"start":{"line":11,"column":18761},"end":{"line":11,"column":18762}},"loc":{"start":{"line":11,"column":18772},"end":{"line":11,"column":18841}},"line":11},"132":{"name":"(anonymous_132)","decl":{"start":{"line":11,"column":18786},"end":{"line":11,"column":18787}},"loc":{"start":{"line":11,"column":18799},"end":{"line":11,"column":18839}},"line":11},"133":{"name":"(anonymous_133)","decl":{"start":{"line":11,"column":18859},"end":{"line":11,"column":18860}},"loc":{"start":{"line":11,"column":18862},"end":{"line":11,"column":20663}},"line":11},"134":{"name":"p","decl":{"start":{"line":11,"column":18872},"end":{"line":11,"column":18873}},"loc":{"start":{"line":11,"column":18876},"end":{"line":11,"column":18904}},"line":11},"135":{"name":"r","decl":{"start":{"line":11,"column":18913},"end":{"line":11,"column":18914}},"loc":{"start":{"line":11,"column":18923},"end":{"line":11,"column":20487}},"line":11},
[...]
,"end":{"line":11,"column":32762}},"type":"binary-expr","locations":[{"start":{"line":11,"column":31935},"end":{"line":11,"column":31979}},{"start":{"line":11,"column":31981},"end":{"line":11,"column":32296}},{"start":{"line":11,"column":32298},"end":{"line":11,"column":32586}},{"start":{"line":11,"column":32588},"end":{"line":11,"column":32762}}],"line":11},"293":{"loc":{"start":{"line":11,"column":31947},"end":{"line":11,"column":31975}},"type":"if","locations":[{"start":{"line":11,"column":31947},"end":{"line":11,"column":31975}},{"start":{},"end":{}}],"line":11},"294":{"loc":{"start":{"line":11,"column":32001},"end":{"line":11,"column":32077}},"type":"cond-expr","locations":[{"start":{"line":11,"column":32009},"end":{"line":11,"column":32013}},{"start":{"line":11,"column":32014},"end":{"line":11,"column":32077}}],"line":11},"295":{"loc":{"start":{"line":11,"column":32014},"end":{"line":11,"column":32077}},"type":"binary-expr","locations":[{"start":{"line":11,"column":32014},"end":{"line":11,"column":32040}},{"start":{"line":11,"column":32042},"end":{"line":11,"column":32060}},{"start":{"line":11,"column":32062},"end":{"line":11,"column":32077}}],"line":11},"296":{"loc":{"start":{"line":11,"column":32078},"end":{"line":11,"column":32290}},"type":"if","locations":[{"start":{"line":11,"column":32078},"end":{"line":11,"column":32290}},{"start":{},"end":{}}],"line":11},"297":{"loc":{"start":{"line":11,"column":32133},"end":{"line":11,"column":32191}},"type":"binary-expr","locations":[{"start":{"line":11,"column":32133},"end":{"line":11,"column":32155}},{"start":{"line":11,"column":32158},"end":{"line":11,"column":32190}}],"line":11},"298":{"loc":{"start":{"line":11,"column":32174},"end":{"line":11,"column":32190}},"type":"binary-expr","locations":[{"start":{"line":11,"column":32174},"end":{"line":11,"column":32176}},{"start":{"line":11,"column":32178},"end":{"line":11,"column":32190}}],"line":11},"299":{"loc":{"start":{"line":11,"column":32229},"end":{"line":11,"column":32258}},"type":"binary-expr","locations":[{"start":{"line":11,"column":32229},"end":{"line":11,"column":32230}},{"start":{"line":11,"column":32232},"end":{"line":11,"column":32246}},{"start":{"line":11,"column":32248},"end":{"line":11,"column":32258}}],"line":11},"300":{"loc":{"start":{"line":11,"column":32267},"end":{"line":11,"column":32279}},"type":"if","locations":[{"start":{"line":11,"column":32267},"end":{"line":11,"column":32279}},{"start":{},"end":{}}],"line":11},"301":{"loc":{"start":{"line":11,"column":32312},"end":{"line":11,"column":32580}},"type":"if","locations":[{"start":{"line":11,"column":32312},"end":{"line":11,"column":32580}},{"start":{},"end":{}}],"line":11},"302":{"loc":{"start":{"line":11,"column":32318},"end":{"line":11,"column":32354}},"type":"if","locations":[{"start":{"line":11,"column":32318},"end":{"line":11,"column":32354}},{"start":{},"end":{}}],"line":11},"303":{"loc":{"start":{"line":11,"column":32412},"end":{"line":11,"column":32579}},"type":"cond-expr","locations":[{"start":{"line":11,"column":32484},"end":{"line":11,"column":32497}},{"start":{"line":11,"column":32498},"end":{"line":11,"column":32579}}],"line":11},"304":{"loc":{"start":{"line":11,"column":32412},"end":{"line":11,"column":32483}},"type":"binary-expr","locations":[{"start":{"line":11,"column":32412},"end":{"line":11,"column":32472}},{"start":{"line":11,"column":32474},"end":{"line":11,"column":32483}}],"line":11},"305":{"loc":{"start":{"line":11,"column":32423},"end":{"line":11,"column":32471}},"type":"cond-expr","locations":[{"start":{"line":11,"column":32451},"end":{"line":11,"column":32469}},{"start":{"line":11,"column":32470},"end":{"line":11,"column":32471}}],"line":11},"306":{"loc":{"start":{"line":11,"column":32423},"end":{"line":11,"column":32450}},"type":"binary-expr","locations":[{"start":{"line":11,"column":32423},"end":{"line":11,"column":32435}},{"start":{"line":11,"column":32437},"end":{"line":11,"column":32450}}],"line":11},"307":{"loc":{"start":{"line":11,"column":32498},"end":{"line":11,"column":32579}},"type":"cond-expr","locations":[{"start":{"line":11,"column":32566},"end":{"line":11,"column":32572}},{"start":{"line":11,"column":32573},"end":{"line":11,"column":32579}}],"line":11},"308":{"loc":{"start":{"line":11,"column":32498},"end":{"line":11,"column":32565}},"type":"binary-expr","locations":[{"start":{"line":11,"column":32498},"end":{"line":11,"column":32513}},{"start":{"line":11,"column":32515},"end":{"line":11,"column":32565}}],"line":11},"309":{"loc":{"start":{"line":11,"column":32958},"end":{"line":11,"column":33109}},"type":"binary-expr","locations":[{"start":{"line":11,"column":32958},"end":{"line":11,"column":32975}},{"start":{"line":11,"column":32979},"end":{"line":11,"column":33088}},{"start":{"line":11,"column":33091},"end":{"line":11,"column":33108}}],"line":11},"310":{"loc":{"start":{"line":11,"column":33306},"end":{"line":11,"column":33372}},"type":"binary-expr","locations":[{"start":{"line":11,"column":33306},"end":{"line":11,"column":33319}},{"start":{"line":11,"column":33321},"end":{"line":11,"column":33348}},{"start":{"line":11,"column":33350},"end":{"line":11,"column":33372}}],"line":11},"311":{"loc":{"start":{"line":11,"column":33439},"end":{"line":11,"column":33456}},"type":"binary-expr","locations":[{"start":{"line":11,"column":33439},"end":{"line":11,"column":33452}},{"start":{"line":11,"column":33454},"end":{"line":11,"column":33456}}],"line":11},"312":{"loc":{"start":{"line":11,"column":33651},"end":{"line":11,"column":33671}},"type":"binary-expr","locations":[{"start":{"line":11,"column":33651},"end":{"line":11,"column":33653}},{"start":{"line":11,"column":33655},"end":{"line":11,"column":33661}},{"start":{"line":11,"column":33664},"end":{"line":11,"column":33670}}],"line":11},"313":{"loc":{"start":{"line":11,"column":33672},"end":{"line":11,"column":33696}},"type":"binary-expr","locations":[{"start":{"line":11,"column":33672},"end":{"line":11,"column":33678}},{"start":{"line":11,"column":33681},"end":{"line":11,"column":33695}}],"line":11},"314":{"loc":{"start":{"line":11,"column":33724},"end":{"line":11,"column":33739}},"type":"if","locations":[{"start":{"line":11,"column":33724},"end":{"line":11,"column":33739}},{"start":{},"end":{}}],"line":11},"315":{"loc":{"start":{"line":11,"column":33831},"end":{"line":11,"column":33843}},"type":"binary-expr","locations":[{"start":{"line":11,"column":33831},"end":{"line":11,"column":33837}},{"start":{"line":11,"column":33839},"end":{"line":11,"column":33843}}],"line":11},"316":{"loc":{"start":{"line":11,"column":34044},"end":{"line":11,"column":34049}},"type":"binary-expr","locations":[{"start":{"line":11,"column":34044},"end":{"line":11,"column":34045}},{"start":{"line":11,"column":34047},"end":{"line":11,"column":34049}}],"line":11},"317":{"loc":{"start":{"line":11,"column":34074},"end":{"line":11,"column":34117}},"type":"binary-expr","locations":[{"start":{"line":11,"column":34074},"end":{"line":11,"column":34100}},{"start":{"line":11,"column":34102},"end":{"line":11,"column":34117}}],"line":11},"318":{"loc":{"start":{"line":11,"column":34326},"end":{"line":11,"column":34363}},"type":"cond-expr","locations":[{"start":{"line":11,"column":34345},"end":{"line":11,"column":34361}},{"start":{"line":11,"column":34362},"end":{"line":11,"column":34363}}],"line":11},"319":{"loc":{"start":{"line":11,"column":34364},"end":{"line":11,"column":34401}},"type":"if","locations":[{"start":{"line":11,"column":34364},"end":{"line":11,"column":34401}},{"start":{},"end":{}}],"line":11},"320":{"loc":{"start":{"line":11,"column":34608},"end":{"line":11,"column":34673}},"type":"binary-expr","locations":[{"start":{"line":11,"column":34608},"end":{"line":11,"column":34609}},{"start":{"line":11,"column":34611},"end":{"line":11,"column":34612}},{"start":{"line":11,"column":34614},"end":{"line":11,"column":34615}},{"start":{"line":11,"column":34617},"end":{"line":11,"column":34673}}],"line":11},"321":{"loc":{"start":{"line":11,"column":34619},"end":{"line":11,"column":34637}},"type":"cond-expr","locations":[{"start":{"line":11,"column":34621},"end":{"line":11,"column":34630}},{"start":{"line":11,"column":34631},"end":{"line":11,"column":34637}}],"line":11}},"s":{"0":1,"1":1,"2":1,"3":0,"4":0,"5":0,"6":0,"7":0,"8":0,"9":0,"10":0,"11":0,"12":0,"13":0,"14":0,"15":0,"16":0,"17":0,"18":0,"19":0,"20":0,"21":0,"22":0,"23":0,"24":0,"25":0,"26":0,"27":0,"28":0,"29":0,"30":0,"31":0,"32":0,"33":0,"34":0,"35":0,"36":0,"37":0,"38":0,"39":0,"40":0,"41":0,"42":0,"43":0,"44":1,"45":1,"46":0,"47":1,"48":1,"49":1,"50":1,"51":1,"52":1,"53":1,"54":1,"55":1,"56":1,"57":1,"58":1,"59":1,"60":1,"61":1,"62":1,"63":0,"64":1,"65":0,"66":1,"67":0,"68":0,"69":0,"70":0,"71":0,"72":0,"73":0,"74":0,"75":0,"76":0,"77":0,"78":0,"79":0,"80":0,"81":0,"82":0,"83":0,"84":0,"85":0,"86":0,"87":0,"88":0,"89":0,"90":0,"91":0,"92":1,"93":0,"94":0,"95":0,"96":1,"97":1,"98":0,"99":0,"100":0,"101":0,"102":0,"103":0,"104":0,"105":0,"106":0,"107":0,"108":1,"109":0,"110":0,"111":0,"112":0,"113":0,"114":0,"115":1,"116":0,"117":0,"118":0,"119":0,"120":0,"121":0,"122":1,"123":0,"124":0,"125":0,"126":0,"127":0,"128":1,"129":1,"130":1,"131":1,"132":0,"133":1,"134":1,"135":0,"136":0,"137":0,"138":0,"139":0,"140":0,"141":0,"142":0,"143":0,"144":0,"145":0,"146":0,"147":0,"148":0,"149":0,"150":0,"151":0,"152":0,"153":0,"154":0,"155":0,"156":0,"157":0,"158":0,"159":0,"160":0,"161":0,"162":0,"163":0,"164":0,"165":0,"166":0,"167":0,"168":0,"169":0,"170":1,"171":1,"172":0,"173":0,"174":0,"175":3,"176":0,"177":0,"178":2,"179":1,"180":1,"181":1,"182":1,"183":1,"184":1,"185":1,"186":0,"187":0,"188":0,"189":0,"190":0,"191":0,"192":0,"193":0,"194":0,"195":0,"196":1,"197":1,"198":1,"199":1,"200":1,"201":1,"202":1,"203":1,"204":1,"205":1,"206":1,"207":0,"208":0,"209":0,"210":0,"211":0,"212":0,"213":0,"214":0,"215":0,"216":0,"217":1,"218":1,"219":1,"220":1,"221":1,"222":1,"223":1,"224":1,"225":1,"226":0,"227":0,"228":0,"229":0,"230":0,"231":0,"232":0,"233":0,"234":0,"235":0,"236":0,"237":0,"238":0,"239":0,"240":0,"241":0,"242":0,"243":0,"244":0,"245":0,"246":0,"247":0,"248":0,"249":0,"250":0,"251":0,"252":0,"253":0,"254":0,"255":0,"256":0,"257":0,"258":0,"259":0,"260":0,"261":0,"262":0,"263":0,"264":0,"265":0,"266":0,"267":0,"268":0,"269":0,"270":0,"271":0,"272":0,"273":0,"274":0,"275":0,"276":0,"277":0,"278":0,"279":0,"280":0,"281":0,"282":0,"283":0,"284":0,"285":0,"286":0,"287":0,"288":0,"289":0,"290":0,"291":0,"292":0,"293":0,"294":0,"295":0,"296":0,"297":0,"298":0,"299":0,"300":1,"301":0,"302":0,"303":0,"304":0,"305":0,"306":0,"307":0,"308":1,"309":0,"310":1,"311":1,"312":1,"313":0,"314":0,"315":0,"316":0,"317":0,"318":0,"319":0,"320":0,"321":0,"322":0,"323":0,"324":0,"325":0,"326":0,"327":0,"328":0,"329":0,"330":0,"331":0,"332":0,"333":0,"334":0,"335":0,"336":0,"337":0,"338":0,"339":0,"340":0,"341":0,"342":0,"343":0,"344":0,"345":0,"346":0,"347":0,"348":0,"349":0,"350":0,"351":0,"352":0,"353":0,"354":1,"355":0,"356":0,"357":0,"358":0,"359":0,"360":0,"361":0,"362":0,"363":0,"364":1,"365":0,"366":0,"367":0,"368":0,"369":0,"370":0,"371":0,"372":0,"373":0,"374":0,"375":0,"376":0,"377":0,"378":0,"379":0,"380":0,"381":0,"382":0,"383":0,"384":0,"385":0,"386":0,"387":0,"388":0,"389":0,"390":0,"391":0,"392":0,"393":0,"394":0,"395":0,"396":0,"397":0,"398":0,"399":0,"400":0,"401":0,"402":0,"403":0,"404":0,"405":0,"406":0,"407":0,"408":0,"409":0,"410":0,"411":0,"412":0,"413":0,"414":0,"415":0,"416":0,"417":0,"418":0,"419":0,"420":0,"421":0,"422":0,"423":0,"424":0,"425":0,"426":0,"427":0,"428":0,"429":0,"430":0,"431":0,"432":0,"433":0,"434":0,"435":0,"436":0,"437":0,"438":1,"439":0,"440":0,"441":0,"442":1,"443":0,"444":0,"445":0,"446":1,"447":1,"448":2,"449":2,"450":1,"451":1,"452":1,"453":1,"454":1,"455":1,"456":2,"457":0,"458":1,"459":2,"460":1,"461":31,"462":31,"463":17,"464":14,"465":14,"466":1,"467":5,"468":0,"469":1,"470":5,"471":16,"472":24,"473":1,"474":1,"475":0,"476":0,"477":0,"478":0,"479":48,"480":1,"481":1,"482":1,"483":1,"484":1,"485":1,"486":1,"487":1,"488":1,"489":0,"490":0,"491":0,"492":0,"493":0,"494":0,"495":0,"496":0,"497":0,"498":0,"499":0,"500":1,"501":1,"502":1,"503":1,"504":0,"505":0,"506":0,"507":0,"508":0,"509":0,"510":0,"511":0,"512":0,"513":0,"514":0,"515":0,"516":0,"517":0,"518":0,"519":0,"520":0,"521":0,"522":0,"523":0,"524":0,"525":0,"526":0,"527":0,"528":0,"529":1,"530":0,"531":0,"532":0,"533":1,"534":0,"535":0,"536":0,"537":1,"538":0,"539":0,"540":0,"541":1,"542":1,"543":1,"544":1,"545":0,"546":0,"547":0,"548":1,"549":1,"550":0,"551":0,"552":0,"553":1,"554":0,"555":0,"556":0,"557":0,"558":0,"559":0,"560":0,"561":0,"562":0,"563":0,"564":0,"565":0,"566":1,"567":0,"568":0,"569":0,"570":0,"571":0,"572":0,"573":0,"574":0,"575":0,"576":0,"577":0,"578":0,"579":0,"580":0,"581":0,"582":0,"583":0,"584":0,"585":0,"586":0,"587":0,"588":0,"589":0,"590":0,"591":0,"592":0,"593":0,"594":0,"595":0,"596":0,"597":0,"598":0,"599":0,"600":0,"601":0,"602":0,"603":0,"604":0,"605":0,"606":0,"607":0,"608":0,"609":0,"610":0,"611":0,"612":0,"613":0,"614":0,"615":0,"616":0,"617":0,"618":0,"619":0,"620":1,"621":1,"622":1,"623":0,"624":0,"625":0,"626":0,"627":0,"628":0,"629":0,"630":0,"631":0,"632":0,"633":1,"634":0,"635":0,"636":1,"637":1,"638":0,"639":0,"640":0,"641":0,"642":0,"643":0,"644":0,"645":0,"646":0,"647":0,"648":0,"649":0,"650":0,"651":0,"652":0,"653":0,"654":0,"655":0,"656":0,"657":0,"658":0,"659":0,"660":0,"661":0,"662":0,"663":0,"664":0,"665":0,"666":0,"667":0,"668":0,"669":0,"670":0,"671":0,"672":0,"673":1,"674":0,"675":0,"676":0,"677":0,"678":1,"679":0,"680":0,"681":0,"682":0,"683":0,"684":0,"685":0,"686":0,"687":0,"688":0,"689":0,"690":0,"691":0,"692":0,"693":0,"694":0,"695":0,"696":0,"697":0,"698":1,"699":0,"700":0,"701":0,"702":0,"703":0,"704":0,"705":0,"706":0,"707":0,"708":0,"709":0,"710":0,"711":0,"712":0,"713":0,"714":0,"715":0,"716":0},"f":{"0":1,"1":1,"2":0,"3":0,"4":0,"5":0,"6":0,"7":0,"8":0,"9":0,"10":0,"11":0,"12":0,"13":0,"14":1,"15":0,"16":0,"17":1,"18":0,"19":0,"20":0,"21":0,"22":0,"23":0,"24":1,"25":0,"26":0,"27":0,"28":0,"29":0,"30":0,"31":0,"32":0,"33":0,"34":0,"35":0,"36":1,"37":1,"38":1,"39":0,"40":0,"41":0,"42":0,"43":0,"44":0,"45":0,"46":0,"47":1,"48":0,"49":0,"50":0,"51":3,"52":0,"53":0,"54":2,"55":0,"56":0,"57":1,"58":1,"59":0,"60":0,"61":0,"62":0,"63":0,"64":1,"65":1,"66":0,"67":0,"68":0,"69":0,"70":0,"71":0,"72":0,"73":0,"74":0,"75":0,"76":0,"77":0,"78":0,"79":0,"80":0,"81":0,"82":0,"83":0,"84":0,"85":0,"86":0,"87":1,"88":0,"89":0,"90":0,"91":0,"92":0,"93":0,"94":0,"95":0,"96":0,"97":0,"98":0,"99":1,"100":0,"101":0,"102":0,"103":0,"104":0,"105":0,"106":0,"107":0,"108":0,"109":0,"110":0,"111":0,"112":0,"113":0,"114":0,"115":0,"116":0,"117":0,"118":0,"119":0,"120":0,"121":0,"122":0,"123":0,"124":0,"125":0,"126":0,"127":0,"128":0,"129":0,"130":0,"131":0,"132":0,"133":1,"134":0,"135":0,"136":0,"137":0,"138":0,"139":0,"140":0,"141":0,"142":0,"143":0,"144":0,"145":0,"146":0,"147":1,"148":0,"149":0,"150":1,"151":1,"152":1,"153":1,"154":1,"155":1,"156":2,"157":0,"158":2,"159":31,"160":5,"161":0,"162":1,"163":16,"164":1,"165":48,"166":1,"167":1,"168":0,"169":0,"170":0,"171":0,"172":0,"173":0,"174":0,"175":0,"176":0,"177":0,"178":0,"179":0,"180":0,"181":0,"182":0,"183":0,"184":0,"185":0,"186":0,"187":0,"188":1,"189":0,"190":0,"191":0,"192":0,"193":0,"194":0,"195":0,"196":0,"197":0,"198":0,"199":0,"200":0,"201":0,"202":0,"203":0,"204":0,"205":0,"206":0,"207":0,"208":0,"209":0,"210":0,"211":0,"212":0,"213":0,"214":0,"215":0,"216":0,"217":0,"218":0,"219":0,"220":0,"221":0,"222":0,"223":0,"224":0,"225":0,"226":0,"227":0,"228":0,"229":0,"230":0,"231":0,"232":0,"233":0,"234":0,"235":0,"236":0,"237":0,"238":0,"239":0,"240":0,"241":0,"242":0,"243":0,"244":0,"245":0,"246":0,"247":0,"248":0,"249":0,"250":0,"251":0,"252":0,"253":0,"254":0,"255":0,"256":0,"257":0,"258":0,"259":0,"260":0,"261":0,"262":0,"263":0,"264":0,"265":0,"266":0,"267":0,"268":0,"269":0,"270":0,"271":0,"272":0,"273":0,"274":0,"275":0,"276":0},"b":{"0":[0,0],"1":[0,0],"2":[0,0],"3":[0,0],"4":[0,0],"5":[0,0],"6":[0,0,0],"7":[0,0],"8":[0,0,0,0,0],"9":[0,0],"10":[0,0],"11":[0,0],"12":[0,0],"13":[0,0],"14":[0,0],"15":[0,0],"16":[0,0],"17":[0,0],"18":[0,0],"19":[0,0],"20":[0,0],"21":[0,0],"22":[0,0],"23":[0,0],"24":[0,0],"25":[0,0],"26":[0,0],"27":[0,0],"28":[0,0],"29":[0,0],"30":[0,0],"31":[0,0],"32":[0,0],"33":[0,0],"34":[0,0],"35":[0,0],"36":[0,0],"37":[0,0],"38":[0,0],"39":[0,0],"40":[0,0],"41":[0,0],"42":[0,0],"43":[0,0],"44":[0,0],"45":[0,0],"46":[0,0],"47":[0,0],"48":[0,0],"49":[0,0],"50":[0,0],"51":[0,0],"52":[0,0],"53":[0,0],"54":[0,0],"55":[0,0],"56":[0,0],"57":[0,0],"58":[0,0],"59":[0,0],"60":[0,0],"61":[0,0],"62":[0,0],"63":[0,0],"64":[0,0],"65":[0,0],"66":[0,0],"67":[0,0,0],"68":[0,0,0],"69":[1,0,0],"70":[0,0],"71":[0,0],"72":[0,0],"73":[0,0],"74":[0,0,0],"75":[0,0],"76":[0,0,0],"77":[0,0,0],"78":[0,0,0],"79":[0,0,0],"80":[0,0],"81":[0,0,0],"82":[0,0,0],"83":[0,0],"84":[0,0,0],"85":[0,0],"86":[0,0,0],"87":[0,0],"88":[0,0],"89":[0,0],"90":[0,0],"91":[0,0],"92":[0,0],"93":[0,0],"94":[0,0],"95":[0,0],"96":[0,0],"97":[0,0],"98":[0,0,0],"99":[0,0],"100":[0,0,0],"101":[0,0],"102":[0,0],"103":[0,0],"104":[0,0],"105":[0,0],"106":[0,0,0,0,0],"107":[0,0],"108":[0,0],"109":[0,0],"110":[0,0],"111":[0,0],"112":[0,0],"113":[0,0],"114":[0,0],"115":[0,0],"116":[0,0],"117":[0,0],"118":[0,0],"119":[0,0],"120":[0,0],"121":[0,0],"122":[0,0],"123":[0,0],"124":[0,0],"125":[0,0],"126":[0,0],"127":[0,0],"128":[0,0],"129":[0,0],"130":[0,0],"131":[0,0],"132":[0,0],"133":[0,0,0,0],"134":[0,0,0],"135":[0,0],"136":[0,0],"137":[0,0],"138":[0,0],"139":[0,0],"140":[0,0,0,0],"141":[0,0],"142":[0,0],"143":[0,0],"144":[0,0],"145":[0,0],"146":[0,0],"147":[0,0],"148":[0,0,0],"149":[0,0,0],"150":[0,0,0],"151":[0,0],"152":[0,0],"153":[0,0],"154":[0,0],"155":[0,0],"156":[0,0],"157":[0,0],"158":[0,0],"159":[0,0],"160":[0,0],"161":[0,0],"162":[0,0],"163":[0,0,0,0,0,0],"164":[0,0,0],"165":[0,0],"166":[0,0,0],"167":[0,0],"168":[0,0],"169":[0,0,0],"170":[0,0],"171":[0,0],"172":[0,0,0,0,0,0],"173":[0,0],"174":[0,0,0,0,0],"175":[0,0],"176":[0,0],"177":[0,0],"178":[0,0],"179":[0,0],"180":[0,0],"181":[0,0],"182":[0,0],"183":[0,0],"184":[0,0],"185":[0,0],"186":[0,0],"187":[0,0],"188":[0,0],"189":[0,0],"190":[2,2],"191":[2,2],"192":[1,1],"193":[1,0],"194":[1,0],"195":[1,1],"196":[0,0],"197":[0,0,0,0],"198":[17,14],"199":[0,5],"200":[5,5],"201":[24,24,24],"202":[1,0],"203":[0,0],"204":[0,0],"205":[1,1,1],"206":[1,0],"207":[0,0],"208":[0,0],"209":[0,0],"210":[0,0],"211":[0,0],"212":[0,0],"213":[0,0],"214":[0,0],"215":[0,0],"216":[0,0],"217":[0,0],"218":[0,0],"219":[0,0],"220":[0,0],"221":[0,0],"222":[1,0],"223":[0,0],"224":[0,0],"225":[1,0],"226":[0,0],"227":[0,0],"228":[0,0],"229":[0,0],"230":[0,0],"231":[0,0],"232":[0,0],"233":[0,0],"234":[0,0],"235":[0,0],"236":[0,0],"237":[0,0],"238":[0,0],"239":[0,0],"240":[0,0],"241":[0,0],"242":[0,0],"243":[0,0],"244":[0,0],"245":[0,0],"246":[0,0],"247":[0,0,0],"248":[0,0],"249":[0,0],"250":[0,0],"251":[0,0],"252":[0,0],"253":[0,0],"254":[0,0],"255":[0,0],"256":[0,0],"257":[0,0],"258":[0,0],"259":[0,0],"260":[0,0],"261":[0,0],"262":[0,0],"263":[0,0],"264":[0,0],"265":[0,0],"266":[0,0],"267":[0,0],"268":[0,0],"269":[0,0],"270":[0,0,0,0],"271":[0,0,0],"272":[0,0,0],"273":[0,0],"274":[0,0],"275":[0,0],"276":[0,0],"277":[0,0],"278":[0,0],"279":[0,0],"280":[0,0],"281":[0,0],"282":[0,0],"283":[0,0],"284":[0,0],"285":[0,0],"286":[0,0],"287":[0,0],"288":[0,0],"289":[0,0],"290":[0,0],"291":[0,0,0],"292":[0,0,0,0],"293":[0,0],"294":[0,0],"295":[0,0,0],"296":[0,0],"297":[0,0],"298":[0,0],"299":[0,0,0],"300":[0,0],"301":[0,0],"302":[0,0],"303":[0,0],"304":[0,0],"305":[0,0],"306":[0,0],"307":[0,0],"308":[0,0],"309":[0,0,0],"310":[0,0,0],"311":[0,0],"312":[0,0,0],"313":[0,0],"314":[0,0],"315":[0,0],"316":[0,0],"317":[0,0],"318":[0,0],"319":[0,0],"320":[0,0,0,0],"321":[0,0]},"_coverageSchema":"1a1c01bbd47fc00a2c39e90264f33305004495a9","hash":"7a5196277a7c38f4b362c442ceb4391cf327db66"}
}
