TN:
SF:dist/index.js
FN:11,(anonymous_0)
FN:11,(anonymous_1)
FN:11,(anonymous_2)
FN:11,(anonymous_3)
FN:11,(anonymous_4)
FN:11,(anonymous_5)
FN:11,(anonymous_6)
FN:11,(anonymous_7)
FN:11,e
FN:11,(anonymous_9)
FN:11,(anonymous_10)
FN:11,(anonymous_11)
FN:11,n
FN:11,o
FN:11,(anonymous_14)
FN:11,(anonymous_15)
FN:11,(anonymous_16)
FN:11,(anonymous_17)
FN:11,Processor
FN:11,(anonymous_19)
FN:11,run
FN:11,solve
FN:11,cback
FN:11,(anonymous_23)
FN:11,(anonymous_24)
FN:11,(anonymous_25)
FN:11,(anonymous_26)
FN:11,(anonymous_27)
FN:11,i
FN:11,(anonymous_29)
FN:11,c
FN:11,(anonymous_31)
FN:11,(anonymous_32)
FN:11,e
FN:11,(anonymous_34)
FN:11,(anonymous_35)
FN:11,(anonymous_36)
FN:11,(anonymous_37)
FN:11,(anonymous_38)
FN:11,(anonymous_39)
FN:11,(anonymous_40)
FN:11,(anonymous_41)
FN:11,(anonymous_42)
FN:11,(anonymous_43)
FN:11,(anonymous_44)
FN:11,(anonymous_45)
FN:11,(anonymous_46)
FN:11,(anonymous_47)
FN:11,(anonymous_48)
FN:11,(anonymous_49)
FN:11,(anonymous_50)
FN:11,(anonymous_51)
FN:11,(anonymous_52)
FN:11,(anonymous_53)
FN:11,(anonymous_54)
FN:11,(anonymous_55)
FN:11,(anonymous_56)
FN:11,(anonymous_57)
FN:11,(anonymous_58)
FN:11,(anonymous_59)
FN:11,(anonymous_60)
FN:11,(anonymous_61)
FN:11,(anonymous_62)
FN:11,(anonymous_63)
FN:11,(anonymous_64)
FN:11,(anonymous_65)
FN:11,(anonymous_66)
FN:11,(anonymous_67)
FN:11,(anonymous_68)
FN:11,(anonymous_69)
FN:11,(anonymous_70)
FN:11,(anonymous_71)
FN:11,(anonymous_72)
FN:11,(anonymous_73)
FN:11,(anonymous_74)
FN:11,(anonymous_75)
FN:11,(anonymous_76)
FN:11,(anonymous_77)
FN:11,(anonymous_78)
FN:11,(anonymous_79)
FN:11,post
FN:11,cback
FN:11,(anonymous_82)
FN:11,(anonymous_83)
FN:11,getJson
FN:11,cback
FN:11,(anonymous_86)
FN:11,(anonymous_87)
FN:11,(anonymous_88)
FN:11,(anonymous_89)
FN:11,(anonymous_90)
FN:11,(anonymous_91)
FN:11,(anonymous_92)
FN:11,(anonymous_93)
FN:11,(anonymous_94)
FN:11,(anonymous_95)
FN:11,(anonymous_96)
FN:11,(anonymous_97)
FN:11,(anonymous_98)
FN:11,(anonymous_99)
FN:11,r
FN:11,(anonymous_101)
FN:11,(anonymous_102)
FN:11,(anonymous_103)
FN:11,(anonymous_104)
FN:11,(anonymous_105)
FN:11,(anonymous_106)
FN:11,(anonymous_107)
FN:11,(anonymous_108)
FN:11,(anonymous_109)
FN:11,(anonymous_110)
FN:11,(anonymous_111)
FN:11,(anonymous_112)
FN:11,(anonymous_113)
FN:11,(anonymous_114)
FN:11,(anonymous_115)
FN:11,(anonymous_116)
FN:11,(anonymous_117)
FN:11,(anonymous_118)
FN:11,(anonymous_119)
FN:11,(anonymous_120)
FN:11,(anonymous_121)
FN:11,(anonymous_122)
FN:11,(anonymous_123)
FN:11,(anonymous_124)
FN:11,(anonymous_125)
FN:11,t
FN:11,(anonymous_127)
FN:11,(anonymous_128)
FN:11,(anonymous_129)
FN:11,(anonymous_130)
FN:11,(anonymous_131)
FN:11,(anonymous_132)
FN:11,(anonymous_133)
FN:11,p
FN:11,r
FN:11,r
FN:11,c
FN:11,(anonymous_138)
FN:11,(anonymous_139)
FN:11,(anonymous_140)
FN:11,(anonymous_141)
FN:11,(anonymous_142)
FN:11,(anonymous_143)
FN:11,(anonymous_144)
FN:11,(anonymous_145)
FN:11,(anonymous_146)
FN:11,(anonymous_147)
FN:11,(anonymous_148)
FN:11,(anonymous_149)
FN:11,(anonymous_150)
FN:11,r
FN:11,(anonymous_152)
FN:11,(anonymous_153)
FN:11,(anonymous_154)
FN:11,r
FN:11,(anonymous_156)
FN:11,(anonymous_157)
FN:11,(anonymous_158)
FN:11,__webpack_require__
FN:11,(anonymous_160)
FN:11,(anonymous_161)
FN:11,(anonymous_162)
FN:11,(anonymous_163)
FN:11,(anonymous_164)
FN:11,(anonymous_165)
FN:11,(anonymous_166)
FN:11,(anonymous_167)
FN:11,(anonymous_168)
FN:11,(anonymous_169)
FN:11,(anonymous_170)
FN:11,(anonymous_171)
FN:11,(anonymous_172)
FN:11,(anonymous_173)
FN:11,(anonymous_174)
FN:11,(anonymous_175)
FN:11,(anonymous_176)
FN:11,(anonymous_177)
FN:11,(anonymous_178)
FN:11,(anonymous_179)
FN:11,(anonymous_180)
FN:11,(anonymous_181)
FN:11,(anonymous_182)
FN:11,(anonymous_183)
FN:11,(anonymous_184)
FN:11,(anonymous_185)
FN:11,(anonymous_186)
FN:11,(anonymous_187)
FN:11,(anonymous_188)
FN:11,(anonymous_189)
FN:11,(anonymous_190)
FN:11,_
FN:11,(anonymous_192)
FN:11,(anonymous_193)
FN:11,(anonymous_194)
FN:11,e
FN:11,(anonymous_196)
FN:11,(anonymous_197)
FN:11,(anonymous_198)
FN:11,h
FN:11,(anonymous_200)
FN:11,(anonymous_201)
FN:11,(anonymous_202)
FN:11,(anonymous_203)
FN:11,(anonymous_204)
FN:11,(anonymous_205)
FN:11,(anonymous_206)
FN:11,(anonymous_207)
FN:11,(anonymous_208)
FN:11,(anonymous_209)
FN:11,(anonymous_210)
FN:11,(anonymous_211)
FN:11,(anonymous_212)
FN:11,(anonymous_213)
FN:11,(anonymous_214)
FN:11,(anonymous_215)
FN:11,(anonymous_216)
FN:11,(anonymous_217)
FN:11,(anonymous_218)
FN:11,(anonymous_219)
FN:11,(anonymous_220)
FN:11,(anonymous_221)
FN:11,(anonymous_222)
FN:11,(anonymous_223)
FN:11,(anonymous_224)
FN:11,(anonymous_225)
FN:11,(anonymous_226)
FN:11,e
FN:11,(anonymous_228)
FN:11,(anonymous_229)
FN:11,(anonymous_230)
FN:11,(anonymous_231)
FN:11,(anonymous_232)
FN:11,(anonymous_233)
FN:11,(anonymous_234)
FN:11,(anonymous_235)
FN:11,(anonymous_236)
FN:11,(anonymous_237)
FN:11,(anonymous_238)
FN:11,(anonymous_239)
FN:11,(anonymous_240)
FN:11,(anonymous_241)
FN:11,m
FN:11,(anonymous_243)
FN:11,(anonymous_244)
FN:11,(anonymous_245)
FN:11,(anonymous_246)
FN:11,(anonymous_247)
FN:11,(anonymous_248)
FN:11,(anonymous_249)
FN:11,(anonymous_250)
FN:11,y
FN:11,v
FN:11,(anonymous_253)
FN:11,(anonymous_254)
FN:11,(anonymous_255)
FN:11,(anonymous_256)
FN:11,(anonymous_257)
FN:11,(anonymous_258)
FN:11,(anonymous_259)
FN:11,O
FN:11,(anonymous_261)
FN:11,(anonymous_262)
FN:11,(anonymous_263)
FN:11,(anonymous_264)
FN:11,(anonymous_265)
FN:11,(anonymous_266)
FN:11,T
FN:11,D
FN:11,(anonymous_269)
FN:11,(anonymous_270)
FN:11,(anonymous_271)
FN:11,(anonymous_272)
FN:11,(anonymous_273)
FN:11,(anonymous_274)
FN:11,(anonymous_275)
FN:11,(anonymous_276)
FNF:277
FNH:36
FNDA:1,(anonymous_0)
FNDA:1,(anonymous_1)
FNDA:0,(anonymous_2)
FNDA:0,(anonymous_3)
FNDA:0,(anonymous_4)
FNDA:0,(anonymous_5)
FNDA:0,(anonymous_6)
FNDA:0,(anonymous_7)
FNDA:0,e
FNDA:0,(anonymous_9)
FNDA:0,(anonymous_10)
FNDA:0,(anonymous_11)
FNDA:0,n
FNDA:0,o
FNDA:1,(anonymous_14)
FNDA:0,(anonymous_15)
FNDA:0,(anonymous_16)
FNDA:1,(anonymous_17)
FNDA:0,Processor
FNDA:0,(anonymous_19)
FNDA:0,run
FNDA:0,solve
FNDA:0,cback
FNDA:0,(anonymous_23)
FNDA:1,(anonymous_24)
FNDA:0,(anonymous_25)
FNDA:0,(anonymous_26)
FNDA:0,(anonymous_27)
FNDA:0,i
FNDA:0,(anonymous_29)
FNDA:0,c
FNDA:0,(anonymous_31)
FNDA:0,(anonymous_32)
FNDA:0,e
FNDA:0,(anonymous_34)
FNDA:0,(anonymous_35)
FNDA:1,(anonymous_36)
FNDA:1,(anonymous_37)
FNDA:1,(anonymous_38)
FNDA:0,(anonymous_39)
FNDA:0,(anonymous_40)
FNDA:0,(anonymous_41)
FNDA:0,(anonymous_42)
FNDA:0,(anonymous_43)
FNDA:0,(anonymous_44)
FNDA:0,(anonymous_45)
FNDA:0,(anonymous_46)
FNDA:1,(anonymous_47)
FNDA:0,(anonymous_48)
FNDA:0,(anonymous_49)
FNDA:0,(anonymous_50)
FNDA:3,(anonymous_51)
FNDA:0,(anonymous_52)
FNDA:0,(anonymous_53)
FNDA:2,(anonymous_54)
FNDA:0,(anonymous_55)
FNDA:0,(anonymous_56)
FNDA:1,(anonymous_57)
FNDA:1,(anonymous_58)
FNDA:0,(anonymous_59)
FNDA:0,(anonymous_60)
FNDA:0,(anonymous_61)
FNDA:0,(anonymous_62)
FNDA:0,(anonymous_63)
FNDA:1,(anonymous_64)
FNDA:1,(anonymous_65)
FNDA:0,(anonymous_66)
FNDA:0,(anonymous_67)
FNDA:0,(anonymous_68)
FNDA:0,(anonymous_69)
FNDA:0,(anonymous_70)
FNDA:0,(anonymous_71)
FNDA:0,(anonymous_72)
FNDA:0,(anonymous_73)
FNDA:0,(anonymous_74)
FNDA:0,(anonymous_75)
FNDA:0,(anonymous_76)
FNDA:0,(anonymous_77)
FNDA:0,(anonymous_78)
FNDA:0,(anonymous_79)
FNDA:0,post
FNDA:0,cback
FNDA:0,(anonymous_82)
FNDA:0,(anonymous_83)
FNDA:0,getJson
FNDA:0,cback
FNDA:0,(anonymous_86)
FNDA:1,(anonymous_87)
FNDA:0,(anonymous_88)
FNDA:0,(anonymous_89)
FNDA:0,(anonymous_90)
FNDA:0,(anonymous_91)
FNDA:0,(anonymous_92)
FNDA:0,(anonymous_93)
FNDA:0,(anonymous_94)
FNDA:0,(anonymous_95)
FNDA:0,(anonymous_96)
FNDA:0,(anonymous_97)
FNDA:0,(anonymous_98)
FNDA:1,(anonymous_99)
FNDA:0,r
FNDA:0,(anonymous_101)
FNDA:0,(anonymous_102)
FNDA:0,(anonymous_103)
FNDA:0,(anonymous_104)
FNDA:0,(anonymous_105)
FNDA:0,(anonymous_106)
FNDA:0,(anonymous_107)
FNDA:0,(anonymous_108)
FNDA:0,(anonymous_109)
FNDA:0,(anonymous_110)
FNDA:0,(anonymous_111)
FNDA:0,(anonymous_112)
FNDA:0,(anonymous_113)
FNDA:0,(anonymous_114)
FNDA:0,(anonymous_115)
FNDA:0,(anonymous_116)
FNDA:0,(anonymous_117)
FNDA:0,(anonymous_118)
FNDA:0,(anonymous_119)
FNDA:0,(anonymous_120)
FNDA:0,(anonymous_121)
FNDA:0,(anonymous_122)
FNDA:0,(anonymous_123)
FNDA:0,(anonymous_124)
FNDA:0,(anonymous_125)
FNDA:0,t
FNDA:0,(anonymous_127)
FNDA:0,(anonymous_128)
FNDA:0,(anonymous_129)
FNDA:0,(anonymous_130)
FNDA:0,(anonymous_131)
FNDA:0,(anonymous_132)
FNDA:1,(anonymous_133)
FNDA:0,p
FNDA:0,r
FNDA:0,r
FNDA:0,c
FNDA:0,(anonymous_138)
FNDA:0,(anonymous_139)
FNDA:0,(anonymous_140)
FNDA:0,(anonymous_141)
FNDA:0,(anonymous_142)
FNDA:0,(anonymous_143)
FNDA:0,(anonymous_144)
FNDA:0,(anonymous_145)
FNDA:0,(anonymous_146)
FNDA:1,(anonymous_147)
FNDA:0,(anonymous_148)
FNDA:0,(anonymous_149)
FNDA:1,(anonymous_150)
FNDA:1,r
FNDA:1,(anonymous_152)
FNDA:1,(anonymous_153)
FNDA:1,(anonymous_154)
FNDA:1,r
FNDA:2,(anonymous_156)
FNDA:0,(anonymous_157)
FNDA:2,(anonymous_158)
FNDA:31,__webpack_require__
FNDA:5,(anonymous_160)
FNDA:0,(anonymous_161)
FNDA:1,(anonymous_162)
FNDA:16,(anonymous_163)
FNDA:1,(anonymous_164)
FNDA:48,(anonymous_165)
FNDA:1,(anonymous_166)
FNDA:1,(anonymous_167)
FNDA:0,(anonymous_168)
FNDA:0,(anonymous_169)
FNDA:0,(anonymous_170)
FNDA:0,(anonymous_171)
FNDA:0,(anonymous_172)
FNDA:0,(anonymous_173)
FNDA:0,(anonymous_174)
FNDA:0,(anonymous_175)
FNDA:0,(anonymous_176)
FNDA:0,(anonymous_177)
FNDA:0,(anonymous_178)
FNDA:0,(anonymous_179)
FNDA:0,(anonymous_180)
FNDA:0,(anonymous_181)
FNDA:0,(anonymous_182)
FNDA:0,(anonymous_183)
FNDA:0,(anonymous_184)
FNDA:0,(anonymous_185)
FNDA:0,(anonymous_186)
FNDA:0,(anonymous_187)
FNDA:1,(anonymous_188)
FNDA:0,(anonymous_189)
FNDA:0,(anonymous_190)
FNDA:0,_
FNDA:0,(anonymous_192)
FNDA:0,(anonymous_193)
FNDA:0,(anonymous_194)
FNDA:0,e
FNDA:0,(anonymous_196)
FNDA:0,(anonymous_197)
FNDA:0,(anonymous_198)
FNDA:0,h
FNDA:0,(anonymous_200)
FNDA:0,(anonymous_201)
FNDA:0,(anonymous_202)
FNDA:0,(anonymous_203)
FNDA:0,(anonymous_204)
FNDA:0,(anonymous_205)
FNDA:0,(anonymous_206)
FNDA:0,(anonymous_207)
FNDA:0,(anonymous_208)
FNDA:0,(anonymous_209)
FNDA:0,(anonymous_210)
FNDA:0,(anonymous_211)
FNDA:0,(anonymous_212)
FNDA:0,(anonymous_213)
FNDA:0,(anonymous_214)
FNDA:0,(anonymous_215)
FNDA:0,(anonymous_216)
FNDA:0,(anonymous_217)
FNDA:0,(anonymous_218)
FNDA:0,(anonymous_219)
FNDA:0,(anonymous_220)
FNDA:0,(anonymous_221)
FNDA:0,(anonymous_222)
FNDA:0,(anonymous_223)
FNDA:0,(anonymous_224)
FNDA:0,(anonymous_225)
FNDA:0,(anonymous_226)
FNDA:0,e
FNDA:0,(anonymous_228)
FNDA:0,(anonymous_229)
FNDA:0,(anonymous_230)
FNDA:0,(anonymous_231)
FNDA:0,(anonymous_232)
FNDA:0,(anonymous_233)
FNDA:0,(anonymous_234)
FNDA:0,(anonymous_235)
FNDA:0,(anonymous_236)
FNDA:0,(anonymous_237)
FNDA:0,(anonymous_238)
FNDA:0,(anonymous_239)
FNDA:0,(anonymous_240)
FNDA:0,(anonymous_241)
FNDA:0,m
FNDA:0,(anonymous_243)
FNDA:0,(anonymous_244)
FNDA:0,(anonymous_245)
FNDA:0,(anonymous_246)
FNDA:0,(anonymous_247)
FNDA:0,(anonymous_248)
FNDA:0,(anonymous_249)
FNDA:0,(anonymous_250)
FNDA:0,y
FNDA:0,v
FNDA:0,(anonymous_253)
FNDA:0,(anonymous_254)
FNDA:0,(anonymous_255)
FNDA:0,(anonymous_256)
FNDA:0,(anonymous_257)
FNDA:0,(anonymous_258)
FNDA:0,(anonymous_259)
FNDA:0,O
FNDA:0,(anonymous_261)
FNDA:0,(anonymous_262)
FNDA:0,(anonymous_263)
FNDA:0,(anonymous_264)
FNDA:0,(anonymous_265)
FNDA:0,(anonymous_266)
FNDA:0,T
FNDA:0,D
FNDA:0,(anonymous_269)
FNDA:0,(anonymous_270)
FNDA:0,(anonymous_271)
FNDA:0,(anonymous_272)
FNDA:0,(anonymous_273)
FNDA:0,(anonymous_274)
FNDA:0,(anonymous_275)
FNDA:0,(anonymous_276)
DA:11,48
LF:1
LH:1
BRDA:11,0,0,0
BRDA:11,0,1,0
BRDA:11,1,0,0
BRDA:11,1,1,0
BRDA:11,2,0,0
BRDA:11,2,1,0
BRDA:11,3,0,0
BRDA:11,3,1,0
BRDA:11,4,0,0
BRDA:11,4,1,0
BRDA:11,5,0,0
BRDA:11,5,1,0
BRDA:11,6,0,0
BRDA:11,6,1,0
BRDA:11,6,2,0
BRDA:11,7,0,0
BRDA:11,7,1,0
BRDA:11,8,0,0
BRDA:11,8,1,0
BRDA:11,8,2,0
BRDA:11,8,3,0
BRDA:11,8,4,0
BRDA:11,9,0,0
BRDA:11,9,1,0
BRDA:11,10,0,0
BRDA:11,10,1,0
BRDA:11,11,0,0
BRDA:11,11,1,0
BRDA:11,12,0,0
BRDA:11,12,1,0
BRDA:11,13,0,0
BRDA:11,13,1,0
BRDA:11,14,0,0
BRDA:11,14,1,0
BRDA:11,15,0,0
BRDA:11,15,1,0
BRDA:11,16,0,0
BRDA:11,16,1,0
BRDA:11,17,0,0
BRDA:11,17,1,0
BRDA:11,18,0,0
BRDA:11,18,1,0
BRDA:11,19,0,0
BRDA:11,19,1,0
BRDA:11,20,0,0
BRDA:11,20,1,0
BRDA:11,21,0,0
BRDA:11,21,1,0
BRDA:11,22,0,0
BRDA:11,22,1,0
BRDA:11,23,0,0
BRDA:11,23,1,0
BRDA:11,24,0,0
BRDA:11,24,1,0
BRDA:11,25,0,0
BRDA:11,25,1,0
BRDA:11,26,0,0
BRDA:11,26,1,0
BRDA:11,27,0,0
BRDA:11,27,1,0
BRDA:11,28,0,0
BRDA:11,28,1,0
BRDA:11,29,0,0
BRDA:11,29,1,0
BRDA:11,30,0,0
BRDA:11,30,1,0
BRDA:11,31,0,0
BRDA:11,31,1,0
BRDA:11,32,0,0
BRDA:11,32,1,0
BRDA:11,33,0,0
BRDA:11,33,1,0
BRDA:11,34,0,0
BRDA:11,34,1,0
BRDA:11,35,0,0
BRDA:11,35,1,0
BRDA:11,36,0,0
BRDA:11,36,1,0
BRDA:11,37,0,0
BRDA:11,37,1,0
BRDA:11,38,0,0
BRDA:11,38,1,0
BRDA:11,39,0,0
BRDA:11,39,1,0
BRDA:11,40,0,0
BRDA:11,40,1,0
BRDA:11,41,0,0
BRDA:11,41,1,0
BRDA:11,42,0,0
BRDA:11,42,1,0
BRDA:11,43,0,0
BRDA:11,43,1,0
BRDA:11,44,0,0
BRDA:11,44,1,0
BRDA:11,45,0,0
BRDA:11,45,1,0
BRDA:11,46,0,0
BRDA:11,46,1,0
BRDA:11,47,0,0
BRDA:11,47,1,0
BRDA:11,48,0,0
BRDA:11,48,1,0
BRDA:11,49,0,0
BRDA:11,49,1,0
BRDA:11,50,0,0
BRDA:11,50,1,0
BRDA:11,51,0,0
BRDA:11,51,1,0
BRDA:11,52,0,0
BRDA:11,52,1,0
BRDA:11,53,0,0
BRDA:11,53,1,0
BRDA:11,54,0,0
BRDA:11,54,1,0
BRDA:11,55,0,0
BRDA:11,55,1,0
BRDA:11,56,0,0
BRDA:11,56,1,0
BRDA:11,57,0,0
BRDA:11,57,1,0
BRDA:11,58,0,0
BRDA:11,58,1,0
BRDA:11,59,0,0
BRDA:11,59,1,0
BRDA:11,60,0,0
BRDA:11,60,1,0
BRDA:11,61,0,0
BRDA:11,61,1,0
BRDA:11,62,0,0
BRDA:11,62,1,0
BRDA:11,63,0,0
BRDA:11,63,1,0
BRDA:11,64,0,0
BRDA:11,64,1,0
BRDA:11,65,0,0
BRDA:11,65,1,0
BRDA:11,66,0,0
BRDA:11,66,1,0
BRDA:11,67,0,0
BRDA:11,67,1,0
BRDA:11,67,2,0
BRDA:11,68,0,0
BRDA:11,68,1,0
BRDA:11,68,2,0
BRDA:11,69,0,1
BRDA:11,69,1,0
BRDA:11,69,2,0
BRDA:11,70,0,0
BRDA:11,70,1,0
BRDA:11,71,0,0
BRDA:11,71,1,0
BRDA:11,72,0,0
BRDA:11,72,1,0
BRDA:11,73,0,0
BRDA:11,73,1,0
BRDA:11,74,0,0
BRDA:11,74,1,0
BRDA:11,74,2,0
BRDA:11,75,0,0
BRDA:11,75,1,0
BRDA:11,76,0,0
BRDA:11,76,1,0
BRDA:11,76,2,0
BRDA:11,77,0,0
BRDA:11,77,1,0
BRDA:11,77,2,0
BRDA:11,78,0,0
BRDA:11,78,1,0
BRDA:11,78,2,0
BRDA:11,79,0,0
BRDA:11,79,1,0
BRDA:11,79,2,0
BRDA:11,80,0,0
BRDA:11,80,1,0
BRDA:11,81,0,0
BRDA:11,81,1,0
BRDA:11,81,2,0
BRDA:11,82,0,0
BRDA:11,82,1,0
BRDA:11,82,2,0
BRDA:11,83,0,0
BRDA:11,83,1,0
BRDA:11,84,0,0
BRDA:11,84,1,0
BRDA:11,84,2,0
BRDA:11,85,0,0
BRDA:11,85,1,0
BRDA:11,86,0,0
BRDA:11,86,1,0
BRDA:11,86,2,0
BRDA:11,87,0,0
BRDA:11,87,1,0
BRDA:11,88,0,0
BRDA:11,88,1,0
BRDA:11,89,0,0
BRDA:11,89,1,0
BRDA:11,90,0,0
BRDA:11,90,1,0
BRDA:11,91,0,0
BRDA:11,91,1,0
BRDA:11,92,0,0
BRDA:11,92,1,0
BRDA:11,93,0,0
BRDA:11,93,1,0
BRDA:11,94,0,0
BRDA:11,94,1,0
BRDA:11,95,0,0
BRDA:11,95,1,0
BRDA:11,96,0,0
BRDA:11,96,1,0
BRDA:11,97,0,0
BRDA:11,97,1,0
BRDA:11,98,0,0
BRDA:11,98,1,0
BRDA:11,98,2,0
BRDA:11,99,0,0
BRDA:11,99,1,0
BRDA:11,100,0,0
BRDA:11,100,1,0
BRDA:11,100,2,0
BRDA:11,101,0,0
BRDA:11,101,1,0
BRDA:11,102,0,0
BRDA:11,102,1,0
BRDA:11,103,0,0
BRDA:11,103,1,0
BRDA:11,104,0,0
BRDA:11,104,1,0
BRDA:11,105,0,0
BRDA:11,105,1,0
BRDA:11,106,0,0
BRDA:11,106,1,0
BRDA:11,106,2,0
BRDA:11,106,3,0
BRDA:11,106,4,0
BRDA:11,107,0,0
BRDA:11,107,1,0
BRDA:11,108,0,0
BRDA:11,108,1,0
BRDA:11,109,0,0
BRDA:11,109,1,0
BRDA:11,110,0,0
BRDA:11,110,1,0
BRDA:11,111,0,0
BRDA:11,111,1,0
BRDA:11,112,0,0
BRDA:11,112,1,0
BRDA:11,113,0,0
BRDA:11,113,1,0
BRDA:11,114,0,0
BRDA:11,114,1,0
BRDA:11,115,0,0
BRDA:11,115,1,0
BRDA:11,116,0,0
BRDA:11,116,1,0
BRDA:11,117,0,0
BRDA:11,117,1,0
BRDA:11,118,0,0
BRDA:11,118,1,0
BRDA:11,119,0,0
BRDA:11,119,1,0
BRDA:11,120,0,0
BRDA:11,120,1,0
BRDA:11,121,0,0
BRDA:11,121,1,0
BRDA:11,122,0,0
BRDA:11,122,1,0
BRDA:11,123,0,0
BRDA:11,123,1,0
BRDA:11,124,0,0
BRDA:11,124,1,0
BRDA:11,125,0,0
BRDA:11,125,1,0
BRDA:11,126,0,0
BRDA:11,126,1,0
BRDA:11,127,0,0
BRDA:11,127,1,0
BRDA:11,128,0,0
BRDA:11,128,1,0
BRDA:11,129,0,0
BRDA:11,129,1,0
BRDA:11,130,0,0
BRDA:11,130,1,0
BRDA:11,131,0,0
BRDA:11,131,1,0
BRDA:11,132,0,0
BRDA:11,132,1,0
BRDA:11,133,0,0
BRDA:11,133,1,0
BRDA:11,133,2,0
BRDA:11,133,3,0
BRDA:11,134,0,0
BRDA:11,134,1,0
BRDA:11,134,2,0
BRDA:11,135,0,0
BRDA:11,135,1,0
BRDA:11,136,0,0
BRDA:11,136,1,0
BRDA:11,137,0,0
BRDA:11,137,1,0
BRDA:11,138,0,0
BRDA:11,138,1,0
BRDA:11,139,0,0
BRDA:11,139,1,0
BRDA:11,140,0,0
BRDA:11,140,1,0
BRDA:11,140,2,0
BRDA:11,140,3,0
BRDA:11,141,0,0
BRDA:11,141,1,0
BRDA:11,142,0,0
BRDA:11,142,1,0
BRDA:11,143,0,0
BRDA:11,143,1,0
BRDA:11,144,0,0
BRDA:11,144,1,0
BRDA:11,145,0,0
BRDA:11,145,1,0
BRDA:11,146,0,0
BRDA:11,146,1,0
BRDA:11,147,0,0
BRDA:11,147,1,0
BRDA:11,148,0,0
BRDA:11,148,1,0
BRDA:11,148,2,0
BRDA:11,149,0,0
BRDA:11,149,1,0
BRDA:11,149,2,0
BRDA:11,150,0,0
BRDA:11,150,1,0
BRDA:11,150,2,0
BRDA:11,151,0,0
BRDA:11,151,1,0
BRDA:11,152,0,0
BRDA:11,152,1,0
BRDA:11,153,0,0
BRDA:11,153,1,0
BRDA:11,154,0,0
BRDA:11,154,1,0
BRDA:11,155,0,0
BRDA:11,155,1,0
BRDA:11,156,0,0
BRDA:11,156,1,0
BRDA:11,157,0,0
BRDA:11,157,1,0
BRDA:11,158,0,0
BRDA:11,158,1,0
BRDA:11,159,0,0
BRDA:11,159,1,0
BRDA:11,160,0,0
BRDA:11,160,1,0
BRDA:11,161,0,0
BRDA:11,161,1,0
BRDA:11,162,0,0
BRDA:11,162,1,0
BRDA:11,163,0,0
BRDA:11,163,1,0
BRDA:11,163,2,0
BRDA:11,163,3,0
BRDA:11,163,4,0
BRDA:11,163,5,0
BRDA:11,164,0,0
BRDA:11,164,1,0
BRDA:11,164,2,0
BRDA:11,165,0,0
BRDA:11,165,1,0
BRDA:11,166,0,0
BRDA:11,166,1,0
BRDA:11,166,2,0
BRDA:11,167,0,0
BRDA:11,167,1,0
BRDA:11,168,0,0
BRDA:11,168,1,0
BRDA:11,169,0,0
BRDA:11,169,1,0
BRDA:11,169,2,0
BRDA:11,170,0,0
BRDA:11,170,1,0
BRDA:11,171,0,0
BRDA:11,171,1,0
BRDA:11,172,0,0
BRDA:11,172,1,0
BRDA:11,172,2,0
BRDA:11,172,3,0
BRDA:11,172,4,0
BRDA:11,172,5,0
BRDA:11,173,0,0
BRDA:11,173,1,0
BRDA:11,174,0,0
BRDA:11,174,1,0
BRDA:11,174,2,0
BRDA:11,174,3,0
BRDA:11,174,4,0
BRDA:11,175,0,0
BRDA:11,175,1,0
BRDA:11,176,0,0
BRDA:11,176,1,0
BRDA:11,177,0,0
BRDA:11,177,1,0
BRDA:11,178,0,0
BRDA:11,178,1,0
BRDA:11,179,0,0
BRDA:11,179,1,0
BRDA:11,180,0,0
BRDA:11,180,1,0
BRDA:11,181,0,0
BRDA:11,181,1,0
BRDA:11,182,0,0
BRDA:11,182,1,0
BRDA:11,183,0,0
BRDA:11,183,1,0
BRDA:11,184,0,0
BRDA:11,184,1,0
BRDA:11,185,0,0
BRDA:11,185,1,0
BRDA:11,186,0,0
BRDA:11,186,1,0
BRDA:11,187,0,0
BRDA:11,187,1,0
BRDA:11,188,0,0
BRDA:11,188,1,0
BRDA:11,189,0,0
BRDA:11,189,1,0
BRDA:11,190,0,2
BRDA:11,190,1,2
BRDA:11,191,0,2
BRDA:11,191,1,2
BRDA:11,192,0,1
BRDA:11,192,1,1
BRDA:11,193,0,1
BRDA:11,193,1,0
BRDA:11,194,0,1
BRDA:11,194,1,0
BRDA:11,195,0,1
BRDA:11,195,1,1
BRDA:11,196,0,0
BRDA:11,196,1,0
BRDA:11,197,0,0
BRDA:11,197,1,0
BRDA:11,197,2,0
BRDA:11,197,3,0
BRDA:11,198,0,17
BRDA:11,198,1,14
BRDA:11,199,0,0
BRDA:11,199,1,5
BRDA:11,200,0,5
BRDA:11,200,1,5
BRDA:11,201,0,24
BRDA:11,201,1,24
BRDA:11,201,2,24
BRDA:11,202,0,1
BRDA:11,202,1,0
BRDA:11,203,0,0
BRDA:11,203,1,0
BRDA:11,204,0,0
BRDA:11,204,1,0
BRDA:11,205,0,1
BRDA:11,205,1,1
BRDA:11,205,2,1
BRDA:11,206,0,1
BRDA:11,206,1,0
BRDA:11,207,0,0
BRDA:11,207,1,0
BRDA:11,208,0,0
BRDA:11,208,1,0
BRDA:11,209,0,0
BRDA:11,209,1,0
BRDA:11,210,0,0
BRDA:11,210,1,0
BRDA:11,211,0,0
BRDA:11,211,1,0
BRDA:11,212,0,0
BRDA:11,212,1,0
BRDA:11,213,0,0
BRDA:11,213,1,0
BRDA:11,214,0,0
BRDA:11,214,1,0
BRDA:11,215,0,0
BRDA:11,215,1,0
BRDA:11,216,0,0
BRDA:11,216,1,0
BRDA:11,217,0,0
BRDA:11,217,1,0
BRDA:11,218,0,0
BRDA:11,218,1,0
BRDA:11,219,0,0
BRDA:11,219,1,0
BRDA:11,220,0,0
BRDA:11,220,1,0
BRDA:11,221,0,0
BRDA:11,221,1,0
BRDA:11,222,0,1
BRDA:11,222,1,0
BRDA:11,223,0,0
BRDA:11,223,1,0
BRDA:11,224,0,0
BRDA:11,224,1,0
BRDA:11,225,0,1
BRDA:11,225,1,0
BRDA:11,226,0,0
BRDA:11,226,1,0
BRDA:11,227,0,0
BRDA:11,227,1,0
BRDA:11,228,0,0
BRDA:11,228,1,0
BRDA:11,229,0,0
BRDA:11,229,1,0
BRDA:11,230,0,0
BRDA:11,230,1,0
BRDA:11,231,0,0
BRDA:11,231,1,0
BRDA:11,232,0,0
BRDA:11,232,1,0
BRDA:11,233,0,0
BRDA:11,233,1,0
BRDA:11,234,0,0
BRDA:11,234,1,0
BRDA:11,235,0,0
BRDA:11,235,1,0
BRDA:11,236,0,0
BRDA:11,236,1,0
BRDA:11,237,0,0
BRDA:11,237,1,0
BRDA:11,238,0,0
BRDA:11,238,1,0
BRDA:11,239,0,0
BRDA:11,239,1,0
BRDA:11,240,0,0
BRDA:11,240,1,0
BRDA:11,241,0,0
BRDA:11,241,1,0
BRDA:11,242,0,0
BRDA:11,242,1,0
BRDA:11,243,0,0
BRDA:11,243,1,0
BRDA:11,244,0,0
BRDA:11,244,1,0
BRDA:11,245,0,0
BRDA:11,245,1,0
BRDA:11,246,0,0
BRDA:11,246,1,0
BRDA:11,247,0,0
BRDA:11,247,1,0
BRDA:11,247,2,0
BRDA:11,248,0,0
BRDA:11,248,1,0
BRDA:11,249,0,0
BRDA:11,249,1,0
BRDA:11,250,0,0
BRDA:11,250,1,0
BRDA:11,251,0,0
BRDA:11,251,1,0
BRDA:11,252,0,0
BRDA:11,252,1,0
BRDA:11,253,0,0
BRDA:11,253,1,0
BRDA:11,254,0,0
BRDA:11,254,1,0
BRDA:11,255,0,0
BRDA:11,255,1,0
BRDA:11,256,0,0
BRDA:11,256,1,0
BRDA:11,257,0,0
BRDA:11,257,1,0
BRDA:11,258,0,0
BRDA:11,258,1,0
BRDA:11,259,0,0
BRDA:11,259,1,0
BRDA:11,260,0,0
BRDA:11,260,1,0
BRDA:11,261,0,0
BRDA:11,261,1,0
BRDA:11,262,0,0
BRDA:11,262,1,0
BRDA:11,263,0,0
BRDA:11,263,1,0
BRDA:11,264,0,0
BRDA:11,264,1,0
BRDA:11,265,0,0
BRDA:11,265,1,0
BRDA:11,266,0,0
BRDA:11,266,1,0
BRDA:11,267,0,0
BRDA:11,267,1,0
BRDA:11,268,0,0
BRDA:11,268,1,0
BRDA:11,269,0,0
BRDA:11,269,1,0
BRDA:11,270,0,0
BRDA:11,270,1,0
BRDA:11,270,2,0
BRDA:11,270,3,0
BRDA:11,271,0,0
BRDA:11,271,1,0
BRDA:11,271,2,0
BRDA:11,272,0,0
BRDA:11,272,1,0
BRDA:11,272,2,0
BRDA:11,273,0,0
BRDA:11,273,1,0
BRDA:11,274,0,0
BRDA:11,274,1,0
BRDA:11,275,0,0
BRDA:11,275,1,0
BRDA:11,276,0,0
BRDA:11,276,1,0
BRDA:11,277,0,0
BRDA:11,277,1,0
BRDA:11,278,0,0
BRDA:11,278,1,0
BRDA:11,279,0,0
BRDA:11,279,1,0
BRDA:11,280,0,0
BRDA:11,280,1,0
BRDA:11,281,0,0
BRDA:11,281,1,0
BRDA:11,282,0,0
BRDA:11,282,1,0
BRDA:11,283,0,0
BRDA:11,283,1,0
BRDA:11,284,0,0
BRDA:11,284,1,0
BRDA:11,285,0,0
BRDA:11,285,1,0
BRDA:11,286,0,0
BRDA:11,286,1,0
BRDA:11,287,0,0
BRDA:11,287,1,0
BRDA:11,288,0,0
BRDA:11,288,1,0
BRDA:11,289,0,0
BRDA:11,289,1,0
BRDA:11,290,0,0
BRDA:11,290,1,0
BRDA:11,291,0,0
BRDA:11,291,1,0
BRDA:11,291,2,0
BRDA:11,292,0,0
BRDA:11,292,1,0
BRDA:11,292,2,0
BRDA:11,292,3,0
BRDA:11,293,0,0
BRDA:11,293,1,0
BRDA:11,294,0,0
BRDA:11,294,1,0
BRDA:11,295,0,0
BRDA:11,295,1,0
BRDA:11,295,2,0
BRDA:11,296,0,0
BRDA:11,296,1,0
BRDA:11,297,0,0
BRDA:11,297,1,0
BRDA:11,298,0,0
BRDA:11,298,1,0
BRDA:11,299,0,0
BRDA:11,299,1,0
BRDA:11,299,2,0
BRDA:11,300,0,0
BRDA:11,300,1,0
BRDA:11,301,0,0
BRDA:11,301,1,0
BRDA:11,302,0,0
BRDA:11,302,1,0
BRDA:11,303,0,0
BRDA:11,303,1,0
BRDA:11,304,0,0
BRDA:11,304,1,0
BRDA:11,305,0,0
BRDA:11,305,1,0
BRDA:11,306,0,0
BRDA:11,306,1,0
BRDA:11,307,0,0
BRDA:11,307,1,0
BRDA:11,308,0,0
BRDA:11,308,1,0
BRDA:11,309,0,0
BRDA:11,309,1,0
BRDA:11,309,2,0
BRDA:11,310,0,0
BRDA:11,310,1,0
BRDA:11,310,2,0
BRDA:11,311,0,0
BRDA:11,311,1,0
BRDA:11,312,0,0
BRDA:11,312,1,0
BRDA:11,312,2,0
BRDA:11,313,0,0
BRDA:11,313,1,0
BRDA:11,314,0,0
BRDA:11,314,1,0
BRDA:11,315,0,0
BRDA:11,315,1,0
BRDA:11,316,0,0
BRDA:11,316,1,0
BRDA:11,317,0,0
BRDA:11,317,1,0
BRDA:11,318,0,0
BRDA:11,318,1,0
BRDA:11,319,0,0
BRDA:11,319,1,0
BRDA:11,320,0,0
BRDA:11,320,1,0
BRDA:11,320,2,0
BRDA:11,320,3,0
BRDA:11,321,0,0
BRDA:11,321,1,0
BRF:706
BRH:26
end_of_record
